I 2021-06-02 19:55:34:438 C:\Projects\webdriver\cpp\webdriver-server\server.cc(87) Starting WebDriver server on port: '41777' on host: ''
I 2021-06-02 19:55:34:438 C:\Projects\webdriver\cpp\iedriver\IEServer.cpp(33) Driver version: 3.150.1.0 (32-bit)
D 2021-06-02 19:55:34:853 C:\Projects\webdriver\cpp\webdriver-server\server.cc(338) Command: GET /status {}
D 2021-06-02 19:55:34:854 C:\Projects\webdriver\cpp\webdriver-server\server.cc(421) Response: {
	"value" : 
	{
		"build" : 
		{
			"version" : "3.150.1.0 (32-bit)"
		},
		"message" : "Ready to create session",
		"os" : 
		{
			"arch" : "x64",
			"name" : "windows",
			"version" : "10.0.19041.985 (WinBuild.160101.0800)"
		},
		"ready" : true
	}
}
D 2021-06-02 19:55:35:089 C:\Projects\webdriver\cpp\webdriver-server\server.cc(338) Command: POST /session {
  "desiredCapabilities": {
    "se:ieOptions": {
    },
    "browserName": "internet explorer",
    "ensureCleanSession": true,
    "version": "",
    "platform": "WINDOWS"
  },
  "capabilities": {
    "firstMatch": [
      {
        "browserName": "internet explorer",
        "platformName": "windows",
        "se:ieOptions": {
        }
      }
    ]
  }
}
D 2021-06-02 19:55:35:089 C:\Projects\webdriver\cpp\iedriver\IESession.cpp(60) Mutex acquired for session initalization
D 2021-06-02 19:55:35:097 C:\Projects\webdriver\cpp\iedriver\IESession.cpp(116) Releasing session initialization mutex
D 2021-06-02 19:55:35:097 C:\Projects\webdriver\cpp\webdriver-server\command.cc(36) Raw JSON command: { "name" : "newSession", "locator" : { }, "parameters" : {
  "desiredCapabilities": {
    "se:ieOptions": {
    },
    "browserName": "internet explorer",
    "ensureCleanSession": true,
    "version": "",
    "platform": "WINDOWS"
  },
  "capabilities": {
    "firstMatch": [
      {
        "browserName": "internet explorer",
        "platformName": "windows",
        "se:ieOptions": {
        }
      }
    ]
  }
} }
D 2021-06-02 19:55:35:097 C:\Projects\webdriver\cpp\webdriver-server\command.cc(36) Raw JSON command: { "name" : "newSession", "locator" : { }, "parameters" : {
  "desiredCapabilities": {
    "se:ieOptions": {
    },
    "browserName": "internet explorer",
    "ensureCleanSession": true,
    "version": "",
    "platform": "WINDOWS"
  },
  "capabilities": {
    "firstMatch": [
      {
        "browserName": "internet explorer",
        "platformName": "windows",
        "se:ieOptions": {
        }
      }
    ]
  }
} }
D 2021-06-02 19:55:35:097 C:\Projects\webdriver\cpp\iedriver\IECommandExecutor.cpp(880) Executing command: newSession
D 2021-06-02 19:55:35:097 C:\Projects\webdriver\cpp\iedriver\CommandHandlers\NewSessionCommandHandler.cpp(48) Found W3C capabilities structure
D 2021-06-02 19:55:35:097 C:\Projects\webdriver\cpp\iedriver\CommandHandlers\NewSessionCommandHandler.cpp(199) Validating alwaysMatch capability set
D 2021-06-02 19:55:35:097 C:\Projects\webdriver\cpp\iedriver\CommandHandlers\NewSessionCommandHandler.cpp(673) Validating capabilities object
D 2021-06-02 19:55:35:097 C:\Projects\webdriver\cpp\iedriver\CommandHandlers\NewSessionCommandHandler.cpp(220) Validating firstMatch capability set with index 0
D 2021-06-02 19:55:35:097 C:\Projects\webdriver\cpp\iedriver\CommandHandlers\NewSessionCommandHandler.cpp(673) Validating capabilities object
D 2021-06-02 19:55:35:097 C:\Projects\webdriver\cpp\iedriver\CommandHandlers\NewSessionCommandHandler.cpp(722) Found browserName capability. Validating value type is string.
D 2021-06-02 19:55:35:097 C:\Projects\webdriver\cpp\iedriver\CommandHandlers\NewSessionCommandHandler.cpp(751) Found platformName capability. Validating value type is string.
D 2021-06-02 19:55:35:097 C:\Projects\webdriver\cpp\iedriver\CommandHandlers\NewSessionCommandHandler.cpp(989) Found se:ieOptions capability. Validating value type is object.
D 2021-06-02 19:55:35:097 C:\Projects\webdriver\cpp\iedriver\CommandHandlers\NewSessionCommandHandler.cpp(279) Processing matched capability set with index 0
W 2021-06-02 19:55:35:097 C:\Projects\webdriver\cpp\iedriver\CommandHandlers\NewSessionCommandHandler.cpp(105) Invalid capability setting: timeouts is type null instead of object. Default value will be used: null

D 2021-06-02 19:55:35:097 C:\Projects\webdriver\cpp\iedriver\BrowserFactory.cpp(128) path before was 

D 2021-06-02 19:55:35:097 C:\Projects\webdriver\cpp\iedriver\BrowserFactory.cpp(130) path after was 066C5930

D 2021-06-02 19:55:35:098 C:\Projects\webdriver\cpp\iedriver\BrowserFactory.cpp(154) Ignoring Protected Mode Settings: 0
D 2021-06-02 19:55:35:098 C:\Projects\webdriver\cpp\iedriver\BrowserFactory.cpp(157) Checking validity of Protected Mode settings.
D 2021-06-02 19:55:35:098 C:\Projects\webdriver\cpp\iedriver\BrowserFactory.cpp(1212) Detected IE version: 11, Windows version supports Protected Mode: 1
D 2021-06-02 19:55:35:098 C:\Projects\webdriver\cpp\iedriver\BrowserFactory.cpp(1303) Found Protected Mode setting value of 3 for zone 1
D 2021-06-02 19:55:35:098 C:\Projects\webdriver\cpp\iedriver\BrowserFactory.cpp(1303) Found Protected Mode setting value of 3 for zone 2
D 2021-06-02 19:55:35:098 C:\Projects\webdriver\cpp\iedriver\BrowserFactory.cpp(1303) Found Protected Mode setting value of 3 for zone 3
D 2021-06-02 19:55:35:098 C:\Projects\webdriver\cpp\iedriver\BrowserFactory.cpp(1303) Found Protected Mode setting value of 3 for zone 4
D 2021-06-02 19:55:35:098 C:\Projects\webdriver\cpp\iedriver\BrowserFactory.cpp(160) Has Valid Protected Mode Settings: 1
D 2021-06-02 19:55:35:106 C:\Projects\webdriver\cpp\iedriver\BrowserFactory.cpp(258) Starting IE using the IELaunchURL API
D 2021-06-02 19:55:35:451 C:\Projects\webdriver\cpp\iedriver\BrowserFactory.cpp(212) IE launched successfully with process ID 19268
D 2021-06-02 19:55:35:451 C:\Projects\webdriver\cpp\iedriver\BrowserFactory.cpp(218) Process with ID 19268 is executing iexplore.exe
D 2021-06-02 19:55:35:451 C:\Projects\webdriver\cpp\iedriver\BrowserFactory.cpp(435) Using Active Accessibility to find IWebBrowser2 interface
D 2021-06-02 19:55:35:452 C:\Projects\webdriver\cpp\iedriver\BrowserFactory.cpp(1056) Looking for 19268
D 2021-06-02 19:55:35:707 C:\Projects\webdriver\cpp\iedriver\BrowserFactory.cpp(1056) Looking for 19268
D 2021-06-02 19:55:35:958 C:\Projects\webdriver\cpp\iedriver\BrowserFactory.cpp(1056) Looking for 19268
D 2021-06-02 19:55:36:190 C:\Projects\webdriver\cpp\webdriver-server\server.cc(338) Command: GET /favicon.ico {}
D 2021-06-02 19:55:36:190 C:\Projects\webdriver\cpp\webdriver-server\server.cc(421) Response: {
	"value" : 
	{
		"error" : "unknown command",
		"message" : "Command not found: GET /favicon.ico",
		"stacktrace" : ""
	}
}
D 2021-06-02 19:55:36:212 C:\Projects\webdriver\cpp\iedriver\BrowserFactory.cpp(1056) Looking for 19268
D 2021-06-02 19:55:36:212 C:\Projects\webdriver\cpp\iedriver\BrowserFactory.cpp(513) Found window handle 000813CE for window with class 'Internet Explorer_Server' belonging to process with id 19268
D 2021-06-02 19:55:36:325 C:\Projects\webdriver\cpp\iedriver\BrowserFactory.cpp(456) Ignoring zoom setting: 0
D 2021-06-02 19:55:36:390 C:\Projects\webdriver\cpp\iedriver\BrowserFactory.cpp(777) Browser zoom level is 100%
I 2021-06-02 19:55:36:394 C:\Projects\webdriver\cpp\iedriver\IECommandExecutor.cpp(1368) Persistent hovering set to: 1
D 2021-06-02 19:55:36:394 C:\Projects\webdriver\cpp\iedriver\ProxyManager.cpp(119) Using existing system proxy settings.
D 2021-06-02 19:55:36:398 C:\Projects\webdriver\cpp\iedriver\IECommandExecutor.cpp(883) Command execution for newSession complete
D 2021-06-02 19:55:36:398 C:\Projects\webdriver\cpp\iedriver\IECommandExecutor.cpp(935) Setting serialized response to {
	"value" : 
	{
		"capabilities" : 
		{
			"acceptInsecureCerts" : false,
			"browserName" : "internet explorer",
			"browserVersion" : "11",
			"pageLoadStrategy" : "normal",
			"platformName" : "windows",
			"proxy" : {},
			"se:ieOptions" : 
			{
				"browserAttachTimeout" : 0,
				"elementScrollBehavior" : 0,
				"enablePersistentHover" : true,
				"ie.browserCommandLineSwitches" : "",
				"ie.edgechromium" : false,
				"ie.edgepath" : "",
				"ie.ensureCleanSession" : false,
				"ie.fileUploadDialogTimeout" : 3000,
				"ie.forceCreateProcessApi" : false,
				"ignoreProtectedModeSettings" : false,
				"ignoreZoomSetting" : false,
				"initialBrowserUrl" : "http://localhost:41777/",
				"nativeEvents" : true,
				"requireWindowFocus" : false
			},
			"setWindowRect" : true,
			"strictFileInteractability" : false,
			"timeouts" : 
			{
				"implicit" : 0,
				"pageLoad" : 300000,
				"script" : 30000
			},
			"unhandledPromptBehavior" : "dismiss and notify"
		},
		"sessionId" : "f33fcd32-dd8a-4dde-a612-1c6ad90ef2aa"
	}
}
D 2021-06-02 19:55:36:398 C:\Projects\webdriver\cpp\iedriver\IECommandExecutor.cpp(936) Is waiting flag: 0
D 2021-06-02 19:55:36:403 C:\Projects\webdriver\cpp\webdriver-server\server.cc(421) Response: {
	"value" : 
	{
		"capabilities" : 
		{
			"acceptInsecureCerts" : false,
			"browserName" : "internet explorer",
			"browserVersion" : "11",
			"pageLoadStrategy" : "normal",
			"platformName" : "windows",
			"proxy" : {},
			"se:ieOptions" : 
			{
				"browserAttachTimeout" : 0,
				"elementScrollBehavior" : 0,
				"enablePersistentHover" : true,
				"ie.browserCommandLineSwitches" : "",
				"ie.edgechromium" : false,
				"ie.edgepath" : "",
				"ie.ensureCleanSession" : false,
				"ie.fileUploadDialogTimeout" : 3000,
				"ie.forceCreateProcessApi" : false,
				"ignoreProtectedModeSettings" : false,
				"ignoreZoomSetting" : false,
				"initialBrowserUrl" : "http://localhost:41777/",
				"nativeEvents" : true,
				"requireWindowFocus" : false
			},
			"setWindowRect" : true,
			"strictFileInteractability" : false,
			"timeouts" : 
			{
				"implicit" : 0,
				"pageLoad" : 300000,
				"script" : 30000
			},
			"unhandledPromptBehavior" : "dismiss and notify"
		},
		"sessionId" : "f33fcd32-dd8a-4dde-a612-1c6ad90ef2aa"
	}
}
D 2021-06-02 19:55:36:487 C:\Projects\webdriver\cpp\webdriver-server\server.cc(338) Command: POST /session/f33fcd32-dd8a-4dde-a612-1c6ad90ef2aa/url {
  "url": "http:\u002f\u002fwebqamanh\u002fwmweb\u002f"
}
D 2021-06-02 19:55:36:488 C:\Projects\webdriver\cpp\webdriver-server\command.cc(36) Raw JSON command: { "name" : "get", "locator" : { "sessionid" : "f33fcd32-dd8a-4dde-a612-1c6ad90ef2aa" }, "parameters" : {
  "url": "http:\u002f\u002fwebqamanh\u002fwmweb\u002f"
} }
D 2021-06-02 19:55:36:488 C:\Projects\webdriver\cpp\webdriver-server\command.cc(36) Raw JSON command: { "name" : "get", "locator" : { "sessionid" : "f33fcd32-dd8a-4dde-a612-1c6ad90ef2aa" }, "parameters" : {
  "url": "http:\u002f\u002fwebqamanh\u002fwmweb\u002f"
} }
D 2021-06-02 19:55:36:488 C:\Projects\webdriver\cpp\iedriver\IECommandExecutor.cpp(833) Checking for alert before executing get command
D 2021-06-02 19:55:36:489 C:\Projects\webdriver\cpp\iedriver\IECommandExecutor.cpp(1035) No alert handle is found
D 2021-06-02 19:55:36:489 C:\Projects\webdriver\cpp\iedriver\IECommandExecutor.cpp(880) Executing command: get
D 2021-06-02 19:55:36:530 C:\Projects\webdriver\cpp\iedriver\IECommandExecutor.cpp(883) Command execution for get complete
D 2021-06-02 19:55:36:530 C:\Projects\webdriver\cpp\iedriver\IECommandExecutor.cpp(923) Command handler requested wait. This will cause a minimal wait of at least 50 milliseconds.
D 2021-06-02 19:55:36:530 C:\Projects\webdriver\cpp\iedriver\IECommandExecutor.cpp(969) Creating wait thread with deferred response of `{
	"value" : null
}`
D 2021-06-02 19:55:36:532 C:\Projects\webdriver\cpp\iedriver\Browser.cpp(60) BeforeNavigate2: Url: http://webqamanh/wmweb/, TargetFrame: 00000000
D 2021-06-02 19:55:36:595 C:\Projects\webdriver\cpp\iedriver\IECommandExecutor.cpp(222) Starting wait cycle.
D 2021-06-02 19:55:36:595 C:\Projects\webdriver\cpp\iedriver\IECommandExecutor.cpp(246) Beginning wait.
D 2021-06-02 19:55:36:595 C:\Projects\webdriver\cpp\iedriver\Browser.cpp(567) Navigate Events Completed.
D 2021-06-02 19:55:36:596 C:\Projects\webdriver\cpp\iedriver\Browser.cpp(583) Browser busy property is true.
D 2021-06-02 19:55:36:596 C:\Projects\webdriver\cpp\iedriver\IECommandExecutor.cpp(255) Wait not complete. Scheduling another wait cycle.
D 2021-06-02 19:55:36:596 C:\Projects\webdriver\cpp\iedriver\IECommandExecutor.cpp(969) Creating wait thread with deferred response of `{
	"value" : null
}`
D 2021-06-02 19:55:36:664 C:\Projects\webdriver\cpp\iedriver\IECommandExecutor.cpp(222) Starting wait cycle.
D 2021-06-02 19:55:36:664 C:\Projects\webdriver\cpp\iedriver\IECommandExecutor.cpp(246) Beginning wait.
D 2021-06-02 19:55:36:664 C:\Projects\webdriver\cpp\iedriver\Browser.cpp(567) Navigate Events Completed.
D 2021-06-02 19:55:36:665 C:\Projects\webdriver\cpp\iedriver\Browser.cpp(583) Browser busy property is true.
D 2021-06-02 19:55:36:665 C:\Projects\webdriver\cpp\iedriver\IECommandExecutor.cpp(255) Wait not complete. Scheduling another wait cycle.
D 2021-06-02 19:55:36:665 C:\Projects\webdriver\cpp\iedriver\IECommandExecutor.cpp(969) Creating wait thread with deferred response of `{
	"value" : null
}`
D 2021-06-02 19:55:36:728 C:\Projects\webdriver\cpp\iedriver\IECommandExecutor.cpp(222) Starting wait cycle.
D 2021-06-02 19:55:36:728 C:\Projects\webdriver\cpp\iedriver\IECommandExecutor.cpp(246) Beginning wait.
D 2021-06-02 19:55:36:728 C:\Projects\webdriver\cpp\iedriver\Browser.cpp(567) Navigate Events Completed.
D 2021-06-02 19:55:36:729 C:\Projects\webdriver\cpp\iedriver\Browser.cpp(583) Browser busy property is true.
D 2021-06-02 19:55:36:729 C:\Projects\webdriver\cpp\iedriver\IECommandExecutor.cpp(255) Wait not complete. Scheduling another wait cycle.
D 2021-06-02 19:55:36:729 C:\Projects\webdriver\cpp\iedriver\IECommandExecutor.cpp(969) Creating wait thread with deferred response of `{
	"value" : null
}`
D 2021-06-02 19:55:36:824 C:\Projects\webdriver\cpp\iedriver\IECommandExecutor.cpp(222) Starting wait cycle.
D 2021-06-02 19:55:36:824 C:\Projects\webdriver\cpp\iedriver\IECommandExecutor.cpp(246) Beginning wait.
D 2021-06-02 19:55:36:824 C:\Projects\webdriver\cpp\iedriver\Browser.cpp(567) Navigate Events Completed.
D 2021-06-02 19:55:36:826 C:\Projects\webdriver\cpp\iedriver\Browser.cpp(583) Browser busy property is true.
D 2021-06-02 19:55:36:826 C:\Projects\webdriver\cpp\iedriver\IECommandExecutor.cpp(255) Wait not complete. Scheduling another wait cycle.
D 2021-06-02 19:55:36:826 C:\Projects\webdriver\cpp\iedriver\IECommandExecutor.cpp(969) Creating wait thread with deferred response of `{
	"value" : null
}`
D 2021-06-02 19:55:36:878 C:\Projects\webdriver\cpp\iedriver\IECommandExecutor.cpp(222) Starting wait cycle.
D 2021-06-02 19:55:36:878 C:\Projects\webdriver\cpp\iedriver\IECommandExecutor.cpp(246) Beginning wait.
D 2021-06-02 19:55:36:878 C:\Projects\webdriver\cpp\iedriver\Browser.cpp(567) Navigate Events Completed.
D 2021-06-02 19:55:36:879 C:\Projects\webdriver\cpp\iedriver\Browser.cpp(583) Browser busy property is true.
D 2021-06-02 19:55:36:879 C:\Projects\webdriver\cpp\iedriver\IECommandExecutor.cpp(255) Wait not complete. Scheduling another wait cycle.
D 2021-06-02 19:55:36:879 C:\Projects\webdriver\cpp\iedriver\IECommandExecutor.cpp(969) Creating wait thread with deferred response of `{
	"value" : null
}`
D 2021-06-02 19:55:36:940 C:\Projects\webdriver\cpp\iedriver\IECommandExecutor.cpp(222) Starting wait cycle.
D 2021-06-02 19:55:36:940 C:\Projects\webdriver\cpp\iedriver\IECommandExecutor.cpp(246) Beginning wait.
D 2021-06-02 19:55:36:940 C:\Projects\webdriver\cpp\iedriver\Browser.cpp(567) Navigate Events Completed.
D 2021-06-02 19:55:36:945 C:\Projects\webdriver\cpp\iedriver\Browser.cpp(627) Waiting for document to complete...
D 2021-06-02 19:55:36:977 C:\Projects\webdriver\cpp\iedriver\Browser.cpp(632) Not in navigating state
D 2021-06-02 19:55:36:978 C:\Projects\webdriver\cpp\iedriver\IECommandExecutor.cpp(263) Wait complete. Setting serialized response to deferred value {
	"value" : null
}
D 2021-06-02 19:55:36:988 C:\Projects\webdriver\cpp\webdriver-server\server.cc(421) Response: {
	"value" : null
}
D 2021-06-02 19:55:37:003 C:\Projects\webdriver\cpp\webdriver-server\server.cc(338) Command: POST /session/f33fcd32-dd8a-4dde-a612-1c6ad90ef2aa/element {
  "value": "*[name='userID']",
  "using": "css selector"
}
D 2021-06-02 19:55:37:003 C:\Projects\webdriver\cpp\webdriver-server\command.cc(36) Raw JSON command: { "name" : "findElement", "locator" : { "sessionid" : "f33fcd32-dd8a-4dde-a612-1c6ad90ef2aa" }, "parameters" : {
  "value": "*[name='userID']",
  "using": "css selector"
} }
D 2021-06-02 19:55:37:003 C:\Projects\webdriver\cpp\webdriver-server\command.cc(36) Raw JSON command: { "name" : "findElement", "locator" : { "sessionid" : "f33fcd32-dd8a-4dde-a612-1c6ad90ef2aa" }, "parameters" : {
  "value": "*[name='userID']",
  "using": "css selector"
} }
D 2021-06-02 19:55:37:004 C:\Projects\webdriver\cpp\iedriver\IECommandExecutor.cpp(833) Checking for alert before executing findElement command
D 2021-06-02 19:55:37:004 C:\Projects\webdriver\cpp\iedriver\IECommandExecutor.cpp(1035) No alert handle is found
D 2021-06-02 19:55:37:004 C:\Projects\webdriver\cpp\iedriver\IECommandExecutor.cpp(880) Executing command: findElement
I 2021-06-02 19:55:37:004 C:\Projects\webdriver\cpp\iedriver\Browser.cpp(215) No child frame focus. Focus is on top-level frame
D 2021-06-02 19:55:37:138 C:\Projects\webdriver\cpp\iedriver\ElementFinder.cpp(50) Element location strategy is CSS selectors, but document does not support CSS selectors. Falling back to using the Sizzle JavaScript CSS selector engine.
I 2021-06-02 19:55:37:138 C:\Projects\webdriver\cpp\iedriver\Browser.cpp(215) No child frame focus. Focus is on top-level frame
D 2021-06-02 19:55:37:263 C:\Projects\webdriver\cpp\iedriver\ElementRepository.cpp(58) Element is not yet managed
D 2021-06-02 19:55:37:264 C:\Projects\webdriver\cpp\iedriver\IECommandExecutor.cpp(883) Command execution for findElement complete
D 2021-06-02 19:55:37:264 C:\Projects\webdriver\cpp\iedriver\IECommandExecutor.cpp(935) Setting serialized response to {
	"value" : 
	{
		"element-6066-11e4-a52e-4f735466cecf" : "c0921e0f-a59f-4309-beb6-e5ab54cc3102"
	}
}
D 2021-06-02 19:55:37:264 C:\Projects\webdriver\cpp\iedriver\IECommandExecutor.cpp(936) Is waiting flag: 0
D 2021-06-02 19:55:37:271 C:\Projects\webdriver\cpp\webdriver-server\server.cc(421) Response: {
	"value" : 
	{
		"element-6066-11e4-a52e-4f735466cecf" : "c0921e0f-a59f-4309-beb6-e5ab54cc3102"
	}
}
D 2021-06-02 19:55:37:286 C:\Projects\webdriver\cpp\webdriver-server\server.cc(338) Command: POST /session/f33fcd32-dd8a-4dde-a612-1c6ad90ef2aa/element/c0921e0f-a59f-4309-beb6-e5ab54cc3102/value {
  "id": "c0921e0f-a59f-4309-beb6-e5ab54cc3102",
  "text": "EB5235",
  "value": [
    "E",
    "B",
    "5",
    "2",
    "3",
    "5"
  ]
}
D 2021-06-02 19:55:37:287 C:\Projects\webdriver\cpp\webdriver-server\command.cc(36) Raw JSON command: { "name" : "sendKeys", "locator" : { "sessionid" : "f33fcd32-dd8a-4dde-a612-1c6ad90ef2aa", "id" : "c0921e0f-a59f-4309-beb6-e5ab54cc3102" }, "parameters" : {
  "id": "c0921e0f-a59f-4309-beb6-e5ab54cc3102",
  "text": "EB5235",
  "value": [
    "E",
    "B",
    "5",
    "2",
    "3",
    "5"
  ]
} }
D 2021-06-02 19:55:37:287 C:\Projects\webdriver\cpp\webdriver-server\command.cc(36) Raw JSON command: { "name" : "sendKeys", "locator" : { "sessionid" : "f33fcd32-dd8a-4dde-a612-1c6ad90ef2aa", "id" : "c0921e0f-a59f-4309-beb6-e5ab54cc3102" }, "parameters" : {
  "id": "c0921e0f-a59f-4309-beb6-e5ab54cc3102",
  "text": "EB5235",
  "value": [
    "E",
    "B",
    "5",
    "2",
    "3",
    "5"
  ]
} }
D 2021-06-02 19:55:37:287 C:\Projects\webdriver\cpp\iedriver\IECommandExecutor.cpp(833) Checking for alert before executing sendKeys command
D 2021-06-02 19:55:37:287 C:\Projects\webdriver\cpp\iedriver\IECommandExecutor.cpp(1035) No alert handle is found
D 2021-06-02 19:55:37:288 C:\Projects\webdriver\cpp\iedriver\IECommandExecutor.cpp(880) Executing command: sendKeys
I 2021-06-02 19:55:37:308 C:\Projects\webdriver\cpp\iedriver\Browser.cpp(215) No child frame focus. Focus is on top-level frame
D 2021-06-02 19:55:37:367 C:\Projects\webdriver\cpp\iedriver\Element.cpp(1094) Element is a block element, using IHTMLElement2::getBoundingClientRect
D 2021-06-02 19:55:37:428 C:\Projects\webdriver\cpp\iedriver\Element.cpp(1176) Element is not in a frame
W 2021-06-02 19:55:37:513 C:\Projects\webdriver\cpp\iedriver\Element.cpp(1569) X coordinate is out of element area
D 2021-06-02 19:55:37:513 C:\Projects\webdriver\cpp\iedriver\Element.cpp(720) Will need to scroll element into view
D 2021-06-02 19:55:37:514 C:\Projects\webdriver\cpp\iedriver\Element.cpp(1094) Element is a block element, using IHTMLElement2::getBoundingClientRect
D 2021-06-02 19:55:37:560 C:\Projects\webdriver\cpp\iedriver\Element.cpp(1176) Element is not in a frame
W 2021-06-02 19:55:37:644 C:\Projects\webdriver\cpp\iedriver\Element.cpp(1569) X coordinate is out of element area
W 2021-06-02 19:55:37:644 C:\Projects\webdriver\cpp\iedriver\Element.cpp(740) Scrolled element is not in view
D 2021-06-02 19:55:37:644 C:\Projects\webdriver\cpp\iedriver\Element.cpp(755) (x, y, w, h): 7, 106, 147, 22
D 2021-06-02 19:55:37:813 C:\Projects\webdriver\cpp\iedriver\InputManager.cpp(237) Mutex acquired for user interaction.
D 2021-06-02 19:55:37:813 C:\Projects\webdriver\cpp\iedriver\InputManager.cpp(696) Queueing SendInput structure for key down (key: E)
D 2021-06-02 19:55:37:813 C:\Projects\webdriver\cpp\iedriver\InputManager.cpp(696) Queueing SendInput structure for key up (key: E)
D 2021-06-02 19:55:37:813 C:\Projects\webdriver\cpp\iedriver\InputManager.cpp(696) Queueing SendInput structure for key down (key: B)
D 2021-06-02 19:55:37:813 C:\Projects\webdriver\cpp\iedriver\InputManager.cpp(696) Queueing SendInput structure for key up (key: B)
D 2021-06-02 19:55:37:813 C:\Projects\webdriver\cpp\iedriver\InputManager.cpp(696) Queueing SendInput structure for key down (key: 5)
D 2021-06-02 19:55:37:813 C:\Projects\webdriver\cpp\iedriver\InputManager.cpp(696) Queueing SendInput structure for key up (key: 5)
D 2021-06-02 19:55:37:813 C:\Projects\webdriver\cpp\iedriver\InputManager.cpp(696) Queueing SendInput structure for key down (key: 2)
D 2021-06-02 19:55:37:813 C:\Projects\webdriver\cpp\iedriver\InputManager.cpp(696) Queueing SendInput structure for key up (key: 2)
D 2021-06-02 19:55:37:813 C:\Projects\webdriver\cpp\iedriver\InputManager.cpp(696) Queueing SendInput structure for key down (key: 3)
D 2021-06-02 19:55:37:814 C:\Projects\webdriver\cpp\iedriver\InputManager.cpp(696) Queueing SendInput structure for key up (key: 3)
D 2021-06-02 19:55:37:814 C:\Projects\webdriver\cpp\iedriver\InputManager.cpp(696) Queueing SendInput structure for key down (key: 5)
D 2021-06-02 19:55:37:814 C:\Projects\webdriver\cpp\iedriver\InputManager.cpp(696) Queueing SendInput structure for key up (key: 5)
D 2021-06-02 19:55:37:814 C:\Projects\webdriver\cpp\iedriver\InputManager.cpp(696) Queueing SendInput structure for key down (key: Unidentified)
D 2021-06-02 19:55:37:814 C:\Projects\webdriver\cpp\iedriver\InputManager.cpp(696) Queueing SendInput structure for key up (key: Unidentified)
D 2021-06-02 19:55:37:814 C:\Projects\webdriver\cpp\iedriver\InputManager.cpp(155) Processing a total of 16 input events
D 2021-06-02 19:55:37:964 C:\Projects\webdriver\cpp\iedriver\IECommandExecutor.cpp(883) Command execution for sendKeys complete
D 2021-06-02 19:55:37:964 C:\Projects\webdriver\cpp\iedriver\IECommandExecutor.cpp(935) Setting serialized response to {
	"value" : null
}
D 2021-06-02 19:55:37:964 C:\Projects\webdriver\cpp\iedriver\IECommandExecutor.cpp(936) Is waiting flag: 0
D 2021-06-02 19:55:37:965 C:\Projects\webdriver\cpp\webdriver-server\server.cc(421) Response: {
	"value" : null
}
D 2021-06-02 19:55:37:972 C:\Projects\webdriver\cpp\webdriver-server\server.cc(338) Command: POST /session/f33fcd32-dd8a-4dde-a612-1c6ad90ef2aa/element {
  "value": "*[name='userPassword']",
  "using": "css selector"
}
D 2021-06-02 19:55:37:972 C:\Projects\webdriver\cpp\webdriver-server\command.cc(36) Raw JSON command: { "name" : "findElement", "locator" : { "sessionid" : "f33fcd32-dd8a-4dde-a612-1c6ad90ef2aa" }, "parameters" : {
  "value": "*[name='userPassword']",
  "using": "css selector"
} }
D 2021-06-02 19:55:37:972 C:\Projects\webdriver\cpp\webdriver-server\command.cc(36) Raw JSON command: { "name" : "findElement", "locator" : { "sessionid" : "f33fcd32-dd8a-4dde-a612-1c6ad90ef2aa" }, "parameters" : {
  "value": "*[name='userPassword']",
  "using": "css selector"
} }
D 2021-06-02 19:55:37:973 C:\Projects\webdriver\cpp\iedriver\IECommandExecutor.cpp(833) Checking for alert before executing findElement command
D 2021-06-02 19:55:37:973 C:\Projects\webdriver\cpp\iedriver\IECommandExecutor.cpp(1035) No alert handle is found
D 2021-06-02 19:55:37:973 C:\Projects\webdriver\cpp\iedriver\IECommandExecutor.cpp(880) Executing command: findElement
I 2021-06-02 19:55:37:973 C:\Projects\webdriver\cpp\iedriver\Browser.cpp(215) No child frame focus. Focus is on top-level frame
D 2021-06-02 19:55:38:126 C:\Projects\webdriver\cpp\iedriver\ElementFinder.cpp(50) Element location strategy is CSS selectors, but document does not support CSS selectors. Falling back to using the Sizzle JavaScript CSS selector engine.
I 2021-06-02 19:55:38:126 C:\Projects\webdriver\cpp\iedriver\Browser.cpp(215) No child frame focus. Focus is on top-level frame
D 2021-06-02 19:55:38:272 C:\Projects\webdriver\cpp\iedriver\ElementRepository.cpp(58) Element is not yet managed
D 2021-06-02 19:55:38:272 C:\Projects\webdriver\cpp\iedriver\IECommandExecutor.cpp(883) Command execution for findElement complete
D 2021-06-02 19:55:38:272 C:\Projects\webdriver\cpp\iedriver\IECommandExecutor.cpp(935) Setting serialized response to {
	"value" : 
	{
		"element-6066-11e4-a52e-4f735466cecf" : "478208c7-c019-4a6b-bba9-f5574237c70e"
	}
}
D 2021-06-02 19:55:38:272 C:\Projects\webdriver\cpp\iedriver\IECommandExecutor.cpp(936) Is waiting flag: 0
D 2021-06-02 19:55:38:279 C:\Projects\webdriver\cpp\webdriver-server\server.cc(421) Response: {
	"value" : 
	{
		"element-6066-11e4-a52e-4f735466cecf" : "478208c7-c019-4a6b-bba9-f5574237c70e"
	}
}
D 2021-06-02 19:55:38:286 C:\Projects\webdriver\cpp\webdriver-server\server.cc(338) Command: POST /session/f33fcd32-dd8a-4dde-a612-1c6ad90ef2aa/element/478208c7-c019-4a6b-bba9-f5574237c70e/value {
  "id": "478208c7-c019-4a6b-bba9-f5574237c70e",
  "text": "PEPETAPIAD",
  "value": [
    "P",
    "E",
    "P",
    "E",
    "T",
    "A",
    "P",
    "I",
    "A",
    "D"
  ]
}
D 2021-06-02 19:55:38:287 C:\Projects\webdriver\cpp\webdriver-server\command.cc(36) Raw JSON command: { "name" : "sendKeys", "locator" : { "sessionid" : "f33fcd32-dd8a-4dde-a612-1c6ad90ef2aa", "id" : "478208c7-c019-4a6b-bba9-f5574237c70e" }, "parameters" : {
  "id": "478208c7-c019-4a6b-bba9-f5574237c70e",
  "text": "PEPETAPIAD",
  "value": [
    "P",
    "E",
    "P",
    "E",
    "T",
    "A",
    "P",
    "I",
    "A",
    "D"
  ]
} }
D 2021-06-02 19:55:38:287 C:\Projects\webdriver\cpp\webdriver-server\command.cc(36) Raw JSON command: { "name" : "sendKeys", "locator" : { "sessionid" : "f33fcd32-dd8a-4dde-a612-1c6ad90ef2aa", "id" : "478208c7-c019-4a6b-bba9-f5574237c70e" }, "parameters" : {
  "id": "478208c7-c019-4a6b-bba9-f5574237c70e",
  "text": "PEPETAPIAD",
  "value": [
    "P",
    "E",
    "P",
    "E",
    "T",
    "A",
    "P",
    "I",
    "A",
    "D"
  ]
} }
D 2021-06-02 19:55:38:287 C:\Projects\webdriver\cpp\iedriver\IECommandExecutor.cpp(833) Checking for alert before executing sendKeys command
D 2021-06-02 19:55:38:287 C:\Projects\webdriver\cpp\iedriver\IECommandExecutor.cpp(1035) No alert handle is found
D 2021-06-02 19:55:38:288 C:\Projects\webdriver\cpp\iedriver\IECommandExecutor.cpp(880) Executing command: sendKeys
I 2021-06-02 19:55:38:300 C:\Projects\webdriver\cpp\iedriver\Browser.cpp(215) No child frame focus. Focus is on top-level frame
D 2021-06-02 19:55:38:372 C:\Projects\webdriver\cpp\iedriver\Element.cpp(1094) Element is a block element, using IHTMLElement2::getBoundingClientRect
D 2021-06-02 19:55:38:429 C:\Projects\webdriver\cpp\iedriver\Element.cpp(1176) Element is not in a frame
W 2021-06-02 19:55:38:530 C:\Projects\webdriver\cpp\iedriver\Element.cpp(1569) X coordinate is out of element area
D 2021-06-02 19:55:38:530 C:\Projects\webdriver\cpp\iedriver\Element.cpp(720) Will need to scroll element into view
D 2021-06-02 19:55:38:534 C:\Projects\webdriver\cpp\iedriver\Element.cpp(1094) Element is a block element, using IHTMLElement2::getBoundingClientRect
D 2021-06-02 19:55:38:626 C:\Projects\webdriver\cpp\iedriver\Element.cpp(1176) Element is not in a frame
W 2021-06-02 19:55:38:736 C:\Projects\webdriver\cpp\iedriver\Element.cpp(1569) X coordinate is out of element area
W 2021-06-02 19:55:38:736 C:\Projects\webdriver\cpp\iedriver\Element.cpp(740) Scrolled element is not in view
D 2021-06-02 19:55:38:736 C:\Projects\webdriver\cpp\iedriver\Element.cpp(755) (x, y, w, h): 7, 146, 147, 22
D 2021-06-02 19:55:38:935 C:\Projects\webdriver\cpp\iedriver\InputManager.cpp(237) Mutex acquired for user interaction.
D 2021-06-02 19:55:38:935 C:\Projects\webdriver\cpp\iedriver\InputManager.cpp(696) Queueing SendInput structure for key down (key: P)
D 2021-06-02 19:55:38:935 C:\Projects\webdriver\cpp\iedriver\InputManager.cpp(696) Queueing SendInput structure for key up (key: P)
D 2021-06-02 19:55:38:936 C:\Projects\webdriver\cpp\iedriver\InputManager.cpp(696) Queueing SendInput structure for key down (key: E)
D 2021-06-02 19:55:38:936 C:\Projects\webdriver\cpp\iedriver\InputManager.cpp(696) Queueing SendInput structure for key up (key: E)
D 2021-06-02 19:55:38:936 C:\Projects\webdriver\cpp\iedriver\InputManager.cpp(696) Queueing SendInput structure for key down (key: P)
D 2021-06-02 19:55:38:936 C:\Projects\webdriver\cpp\iedriver\InputManager.cpp(696) Queueing SendInput structure for key up (key: P)
D 2021-06-02 19:55:38:936 C:\Projects\webdriver\cpp\iedriver\InputManager.cpp(696) Queueing SendInput structure for key down (key: E)
D 2021-06-02 19:55:38:936 C:\Projects\webdriver\cpp\iedriver\InputManager.cpp(696) Queueing SendInput structure for key up (key: E)
D 2021-06-02 19:55:38:936 C:\Projects\webdriver\cpp\iedriver\InputManager.cpp(696) Queueing SendInput structure for key down (key: T)
D 2021-06-02 19:55:38:936 C:\Projects\webdriver\cpp\iedriver\InputManager.cpp(696) Queueing SendInput structure for key up (key: T)
D 2021-06-02 19:55:38:936 C:\Projects\webdriver\cpp\iedriver\InputManager.cpp(696) Queueing SendInput structure for key down (key: A)
D 2021-06-02 19:55:38:936 C:\Projects\webdriver\cpp\iedriver\InputManager.cpp(696) Queueing SendInput structure for key up (key: A)
D 2021-06-02 19:55:38:936 C:\Projects\webdriver\cpp\iedriver\InputManager.cpp(696) Queueing SendInput structure for key down (key: P)
D 2021-06-02 19:55:38:936 C:\Projects\webdriver\cpp\iedriver\InputManager.cpp(696) Queueing SendInput structure for key up (key: P)
D 2021-06-02 19:55:38:936 C:\Projects\webdriver\cpp\iedriver\InputManager.cpp(696) Queueing SendInput structure for key down (key: I)
D 2021-06-02 19:55:38:936 C:\Projects\webdriver\cpp\iedriver\InputManager.cpp(696) Queueing SendInput structure for key up (key: I)
D 2021-06-02 19:55:38:936 C:\Projects\webdriver\cpp\iedriver\InputManager.cpp(696) Queueing SendInput structure for key down (key: A)
D 2021-06-02 19:55:38:936 C:\Projects\webdriver\cpp\iedriver\InputManager.cpp(696) Queueing SendInput structure for key up (key: A)
D 2021-06-02 19:55:38:936 C:\Projects\webdriver\cpp\iedriver\InputManager.cpp(696) Queueing SendInput structure for key down (key: D)
D 2021-06-02 19:55:38:936 C:\Projects\webdriver\cpp\iedriver\InputManager.cpp(696) Queueing SendInput structure for key up (key: D)
D 2021-06-02 19:55:38:936 C:\Projects\webdriver\cpp\iedriver\InputManager.cpp(696) Queueing SendInput structure for key down (key: Unidentified)
D 2021-06-02 19:55:38:936 C:\Projects\webdriver\cpp\iedriver\InputManager.cpp(696) Queueing SendInput structure for key up (key: Unidentified)
D 2021-06-02 19:55:38:936 C:\Projects\webdriver\cpp\iedriver\InputManager.cpp(155) Processing a total of 40 input events
D 2021-06-02 19:55:39:037 C:\Projects\webdriver\cpp\iedriver\IECommandExecutor.cpp(883) Command execution for sendKeys complete
D 2021-06-02 19:55:39:037 C:\Projects\webdriver\cpp\iedriver\IECommandExecutor.cpp(935) Setting serialized response to {
	"value" : null
}
D 2021-06-02 19:55:39:037 C:\Projects\webdriver\cpp\iedriver\IECommandExecutor.cpp(936) Is waiting flag: 0
D 2021-06-02 19:55:39:039 C:\Projects\webdriver\cpp\webdriver-server\server.cc(421) Response: {
	"value" : null
}
D 2021-06-02 19:55:39:044 C:\Projects\webdriver\cpp\webdriver-server\server.cc(338) Command: POST /session/f33fcd32-dd8a-4dde-a612-1c6ad90ef2aa/element {
  "value": "*[name='Login']",
  "using": "css selector"
}
D 2021-06-02 19:55:39:044 C:\Projects\webdriver\cpp\webdriver-server\command.cc(36) Raw JSON command: { "name" : "findElement", "locator" : { "sessionid" : "f33fcd32-dd8a-4dde-a612-1c6ad90ef2aa" }, "parameters" : {
  "value": "*[name='Login']",
  "using": "css selector"
} }
D 2021-06-02 19:55:39:044 C:\Projects\webdriver\cpp\webdriver-server\command.cc(36) Raw JSON command: { "name" : "findElement", "locator" : { "sessionid" : "f33fcd32-dd8a-4dde-a612-1c6ad90ef2aa" }, "parameters" : {
  "value": "*[name='Login']",
  "using": "css selector"
} }
D 2021-06-02 19:55:39:044 C:\Projects\webdriver\cpp\iedriver\IECommandExecutor.cpp(833) Checking for alert before executing findElement command
D 2021-06-02 19:55:39:045 C:\Projects\webdriver\cpp\iedriver\IECommandExecutor.cpp(1035) No alert handle is found
D 2021-06-02 19:55:39:045 C:\Projects\webdriver\cpp\iedriver\IECommandExecutor.cpp(880) Executing command: findElement
I 2021-06-02 19:55:39:045 C:\Projects\webdriver\cpp\iedriver\Browser.cpp(215) No child frame focus. Focus is on top-level frame
D 2021-06-02 19:55:39:166 C:\Projects\webdriver\cpp\iedriver\ElementFinder.cpp(50) Element location strategy is CSS selectors, but document does not support CSS selectors. Falling back to using the Sizzle JavaScript CSS selector engine.
I 2021-06-02 19:55:39:167 C:\Projects\webdriver\cpp\iedriver\Browser.cpp(215) No child frame focus. Focus is on top-level frame
D 2021-06-02 19:55:39:310 C:\Projects\webdriver\cpp\iedriver\ElementRepository.cpp(58) Element is not yet managed
D 2021-06-02 19:55:39:311 C:\Projects\webdriver\cpp\iedriver\IECommandExecutor.cpp(883) Command execution for findElement complete
D 2021-06-02 19:55:39:311 C:\Projects\webdriver\cpp\iedriver\IECommandExecutor.cpp(935) Setting serialized response to {
	"value" : 
	{
		"element-6066-11e4-a52e-4f735466cecf" : "5fa5cd1a-bf6e-4bdc-bf60-54221bfddcc1"
	}
}
D 2021-06-02 19:55:39:311 C:\Projects\webdriver\cpp\iedriver\IECommandExecutor.cpp(936) Is waiting flag: 0
D 2021-06-02 19:55:39:321 C:\Projects\webdriver\cpp\webdriver-server\server.cc(421) Response: {
	"value" : 
	{
		"element-6066-11e4-a52e-4f735466cecf" : "5fa5cd1a-bf6e-4bdc-bf60-54221bfddcc1"
	}
}
D 2021-06-02 19:55:39:327 C:\Projects\webdriver\cpp\webdriver-server\server.cc(338) Command: POST /session/f33fcd32-dd8a-4dde-a612-1c6ad90ef2aa/element/5fa5cd1a-bf6e-4bdc-bf60-54221bfddcc1/click {
  "id": "5fa5cd1a-bf6e-4bdc-bf60-54221bfddcc1"
}
D 2021-06-02 19:55:39:327 C:\Projects\webdriver\cpp\webdriver-server\command.cc(36) Raw JSON command: { "name" : "click", "locator" : { "sessionid" : "f33fcd32-dd8a-4dde-a612-1c6ad90ef2aa", "id" : "5fa5cd1a-bf6e-4bdc-bf60-54221bfddcc1" }, "parameters" : {
  "id": "5fa5cd1a-bf6e-4bdc-bf60-54221bfddcc1"
} }
D 2021-06-02 19:55:39:328 C:\Projects\webdriver\cpp\webdriver-server\command.cc(36) Raw JSON command: { "name" : "click", "locator" : { "sessionid" : "f33fcd32-dd8a-4dde-a612-1c6ad90ef2aa", "id" : "5fa5cd1a-bf6e-4bdc-bf60-54221bfddcc1" }, "parameters" : {
  "id": "5fa5cd1a-bf6e-4bdc-bf60-54221bfddcc1"
} }
D 2021-06-02 19:55:39:328 C:\Projects\webdriver\cpp\iedriver\IECommandExecutor.cpp(833) Checking for alert before executing click command
D 2021-06-02 19:55:39:328 C:\Projects\webdriver\cpp\iedriver\IECommandExecutor.cpp(1035) No alert handle is found
D 2021-06-02 19:55:39:328 C:\Projects\webdriver\cpp\iedriver\IECommandExecutor.cpp(880) Executing command: click
I 2021-06-02 19:55:39:340 C:\Projects\webdriver\cpp\iedriver\Browser.cpp(215) No child frame focus. Focus is on top-level frame
D 2021-06-02 19:55:39:401 C:\Projects\webdriver\cpp\iedriver\Element.cpp(1094) Element is a block element, using IHTMLElement2::getBoundingClientRect
D 2021-06-02 19:55:39:461 C:\Projects\webdriver\cpp\iedriver\Element.cpp(1176) Element is not in a frame
W 2021-06-02 19:55:39:562 C:\Projects\webdriver\cpp\iedriver\Element.cpp(1569) X coordinate is out of element area
D 2021-06-02 19:55:39:562 C:\Projects\webdriver\cpp\iedriver\Element.cpp(720) Will need to scroll element into view
D 2021-06-02 19:55:39:562 C:\Projects\webdriver\cpp\iedriver\Element.cpp(1094) Element is a block element, using IHTMLElement2::getBoundingClientRect
D 2021-06-02 19:55:39:616 C:\Projects\webdriver\cpp\iedriver\Element.cpp(1176) Element is not in a frame
W 2021-06-02 19:55:39:702 C:\Projects\webdriver\cpp\iedriver\Element.cpp(1569) X coordinate is out of element area
W 2021-06-02 19:55:39:702 C:\Projects\webdriver\cpp\iedriver\Element.cpp(740) Scrolled element is not in view
D 2021-06-02 19:55:39:702 C:\Projects\webdriver\cpp\iedriver\Element.cpp(755) (x, y, w, h): 7, 207, 73, 24
D 2021-06-02 19:55:39:848 C:\Projects\webdriver\cpp\iedriver\Element.cpp(1094) Element is a block element, using IHTMLElement2::getBoundingClientRect
D 2021-06-02 19:55:39:856 C:\Projects\webdriver\cpp\iedriver\Element.cpp(1176) Element is not in a frame
D 2021-06-02 19:55:39:902 C:\Projects\webdriver\cpp\iedriver\InputManager.cpp(237) Mutex acquired for user interaction.
D 2021-06-02 19:55:39:902 C:\Projects\webdriver\cpp\iedriver\Element.cpp(1094) Element is a block element, using IHTMLElement2::getBoundingClientRect
D 2021-06-02 19:55:39:948 C:\Projects\webdriver\cpp\iedriver\Element.cpp(1176) Element is not in a frame
D 2021-06-02 19:55:39:989 C:\Projects\webdriver\cpp\iedriver\InputManager.cpp(451) Queueing SendInput structure for mouse move (origin: 5fa5cd1a-bf6e-4bdc-bf60-54221bfddcc1, x: 43, y: 219)
D 2021-06-02 19:55:39:990 C:\Projects\webdriver\cpp\iedriver\InputManager.cpp(510) Queueing SendInput structure for mouse button down
D 2021-06-02 19:55:39:990 C:\Projects\webdriver\cpp\iedriver\InputManager.cpp(533) Queueing SendInput structure for mouse button up
D 2021-06-02 19:55:39:990 C:\Projects\webdriver\cpp\iedriver\InputManager.cpp(155) Processing a total of 3 input events
D 2021-06-02 19:55:40:086 C:\Projects\webdriver\cpp\iedriver\IECommandExecutor.cpp(883) Command execution for click complete
D 2021-06-02 19:55:40:086 C:\Projects\webdriver\cpp\iedriver\IECommandExecutor.cpp(923) Command handler requested wait. This will cause a minimal wait of at least 50 milliseconds.
D 2021-06-02 19:55:40:086 C:\Projects\webdriver\cpp\iedriver\IECommandExecutor.cpp(969) Creating wait thread with deferred response of `{
	"value" : null
}`
D 2021-06-02 19:55:40:086 C:\Projects\webdriver\cpp\iedriver\Browser.cpp(60) BeforeNavigate2: Url: http://webqamanh/wmweb/main.asp, TargetFrame: 00000000
D 2021-06-02 19:55:40:151 C:\Projects\webdriver\cpp\iedriver\IECommandExecutor.cpp(222) Starting wait cycle.
D 2021-06-02 19:55:40:151 C:\Projects\webdriver\cpp\iedriver\IECommandExecutor.cpp(246) Beginning wait.
D 2021-06-02 19:55:40:151 C:\Projects\webdriver\cpp\iedriver\Browser.cpp(567) Navigate Events Completed.
D 2021-06-02 19:55:40:153 C:\Projects\webdriver\cpp\iedriver\Browser.cpp(583) Browser busy property is true.
D 2021-06-02 19:55:40:153 C:\Projects\webdriver\cpp\iedriver\IECommandExecutor.cpp(255) Wait not complete. Scheduling another wait cycle.
D 2021-06-02 19:55:40:153 C:\Projects\webdriver\cpp\iedriver\IECommandExecutor.cpp(969) Creating wait thread with deferred response of `{
	"value" : null
}`
D 2021-06-02 19:55:40:213 C:\Projects\webdriver\cpp\iedriver\IECommandExecutor.cpp(222) Starting wait cycle.
D 2021-06-02 19:55:40:213 C:\Projects\webdriver\cpp\iedriver\IECommandExecutor.cpp(246) Beginning wait.
D 2021-06-02 19:55:40:213 C:\Projects\webdriver\cpp\iedriver\Browser.cpp(567) Navigate Events Completed.
D 2021-06-02 19:55:40:215 C:\Projects\webdriver\cpp\iedriver\Browser.cpp(583) Browser busy property is true.
D 2021-06-02 19:55:40:215 C:\Projects\webdriver\cpp\iedriver\IECommandExecutor.cpp(255) Wait not complete. Scheduling another wait cycle.
D 2021-06-02 19:55:40:215 C:\Projects\webdriver\cpp\iedriver\IECommandExecutor.cpp(969) Creating wait thread with deferred response of `{
	"value" : null
}`
D 2021-06-02 19:55:40:275 C:\Projects\webdriver\cpp\iedriver\IECommandExecutor.cpp(222) Starting wait cycle.
D 2021-06-02 19:55:40:275 C:\Projects\webdriver\cpp\iedriver\IECommandExecutor.cpp(246) Beginning wait.
D 2021-06-02 19:55:40:275 C:\Projects\webdriver\cpp\iedriver\Browser.cpp(567) Navigate Events Completed.
D 2021-06-02 19:55:40:277 C:\Projects\webdriver\cpp\iedriver\Browser.cpp(583) Browser busy property is true.
D 2021-06-02 19:55:40:277 C:\Projects\webdriver\cpp\iedriver\IECommandExecutor.cpp(255) Wait not complete. Scheduling another wait cycle.
D 2021-06-02 19:55:40:277 C:\Projects\webdriver\cpp\iedriver\IECommandExecutor.cpp(969) Creating wait thread with deferred response of `{
	"value" : null
}`
D 2021-06-02 19:55:40:359 C:\Projects\webdriver\cpp\iedriver\IECommandExecutor.cpp(222) Starting wait cycle.
D 2021-06-02 19:55:40:359 C:\Projects\webdriver\cpp\iedriver\IECommandExecutor.cpp(246) Beginning wait.
D 2021-06-02 19:55:40:359 C:\Projects\webdriver\cpp\iedriver\Browser.cpp(567) Navigate Events Completed.
D 2021-06-02 19:55:40:360 C:\Projects\webdriver\cpp\iedriver\Browser.cpp(583) Browser busy property is true.
D 2021-06-02 19:55:40:360 C:\Projects\webdriver\cpp\iedriver\IECommandExecutor.cpp(255) Wait not complete. Scheduling another wait cycle.
D 2021-06-02 19:55:40:360 C:\Projects\webdriver\cpp\iedriver\IECommandExecutor.cpp(969) Creating wait thread with deferred response of `{
	"value" : null
}`
D 2021-06-02 19:55:40:363 C:\Projects\webdriver\cpp\iedriver\Browser.cpp(60) BeforeNavigate2: Url: about:blank, TargetFrame: 0746D044
D 2021-06-02 19:55:40:368 C:\Projects\webdriver\cpp\iedriver\Browser.cpp(60) BeforeNavigate2: Url: http://webqamanh/wmweb/bottom.asp?1201974, TargetFrame: 0746CC5C
D 2021-06-02 19:55:40:394 C:\Projects\webdriver\cpp\iedriver\Browser.cpp(60) BeforeNavigate2: Url: http://webqamanh/wmweb/MenuTree.asp?1201974, TargetFrame: 00000000
D 2021-06-02 19:55:40:398 C:\Projects\webdriver\cpp\iedriver\Browser.cpp(60) BeforeNavigate2: Url: about:blank, TargetFrame: 0746CC5C
D 2021-06-02 19:55:40:413 C:\Projects\webdriver\cpp\iedriver\IECommandExecutor.cpp(222) Starting wait cycle.
D 2021-06-02 19:55:40:413 C:\Projects\webdriver\cpp\iedriver\IECommandExecutor.cpp(246) Beginning wait.
D 2021-06-02 19:55:40:413 C:\Projects\webdriver\cpp\iedriver\Browser.cpp(567) Navigate Events Completed.
D 2021-06-02 19:55:40:416 C:\Projects\webdriver\cpp\iedriver\Browser.cpp(603) Browser ReadyState is not at least '4'; it was 3
D 2021-06-02 19:55:40:416 C:\Projects\webdriver\cpp\iedriver\IECommandExecutor.cpp(255) Wait not complete. Scheduling another wait cycle.
D 2021-06-02 19:55:40:416 C:\Projects\webdriver\cpp\iedriver\IECommandExecutor.cpp(969) Creating wait thread with deferred response of `{
	"value" : null
}`
D 2021-06-02 19:55:40:475 C:\Projects\webdriver\cpp\iedriver\IECommandExecutor.cpp(222) Starting wait cycle.
D 2021-06-02 19:55:40:475 C:\Projects\webdriver\cpp\iedriver\IECommandExecutor.cpp(246) Beginning wait.
D 2021-06-02 19:55:40:475 C:\Projects\webdriver\cpp\iedriver\Browser.cpp(567) Navigate Events Completed.
D 2021-06-02 19:55:40:480 C:\Projects\webdriver\cpp\iedriver\Browser.cpp(603) Browser ReadyState is not at least '4'; it was 3
D 2021-06-02 19:55:40:480 C:\Projects\webdriver\cpp\iedriver\IECommandExecutor.cpp(255) Wait not complete. Scheduling another wait cycle.
D 2021-06-02 19:55:40:480 C:\Projects\webdriver\cpp\iedriver\IECommandExecutor.cpp(969) Creating wait thread with deferred response of `{
	"value" : null
}`
D 2021-06-02 19:55:40:536 C:\Projects\webdriver\cpp\iedriver\IECommandExecutor.cpp(222) Starting wait cycle.
D 2021-06-02 19:55:40:537 C:\Projects\webdriver\cpp\iedriver\IECommandExecutor.cpp(246) Beginning wait.
D 2021-06-02 19:55:40:537 C:\Projects\webdriver\cpp\iedriver\Browser.cpp(567) Navigate Events Completed.
D 2021-06-02 19:55:40:538 C:\Projects\webdriver\cpp\iedriver\Browser.cpp(603) Browser ReadyState is not at least '4'; it was 3
D 2021-06-02 19:55:40:538 C:\Projects\webdriver\cpp\iedriver\IECommandExecutor.cpp(255) Wait not complete. Scheduling another wait cycle.
D 2021-06-02 19:55:40:538 C:\Projects\webdriver\cpp\iedriver\IECommandExecutor.cpp(969) Creating wait thread with deferred response of `{
	"value" : null
}`
D 2021-06-02 19:55:40:600 C:\Projects\webdriver\cpp\iedriver\IECommandExecutor.cpp(222) Starting wait cycle.
D 2021-06-02 19:55:40:600 C:\Projects\webdriver\cpp\iedriver\IECommandExecutor.cpp(246) Beginning wait.
D 2021-06-02 19:55:40:600 C:\Projects\webdriver\cpp\iedriver\Browser.cpp(567) Navigate Events Completed.
D 2021-06-02 19:55:40:602 C:\Projects\webdriver\cpp\iedriver\Browser.cpp(603) Browser ReadyState is not at least '4'; it was 3
D 2021-06-02 19:55:40:602 C:\Projects\webdriver\cpp\iedriver\IECommandExecutor.cpp(255) Wait not complete. Scheduling another wait cycle.
D 2021-06-02 19:55:40:602 C:\Projects\webdriver\cpp\iedriver\IECommandExecutor.cpp(969) Creating wait thread with deferred response of `{
	"value" : null
}`
D 2021-06-02 19:55:40:663 C:\Projects\webdriver\cpp\iedriver\IECommandExecutor.cpp(222) Starting wait cycle.
D 2021-06-02 19:55:40:663 C:\Projects\webdriver\cpp\iedriver\IECommandExecutor.cpp(246) Beginning wait.
D 2021-06-02 19:55:40:663 C:\Projects\webdriver\cpp\iedriver\Browser.cpp(567) Navigate Events Completed.
D 2021-06-02 19:55:40:667 C:\Projects\webdriver\cpp\iedriver\Browser.cpp(603) Browser ReadyState is not at least '4'; it was 3
D 2021-06-02 19:55:40:667 C:\Projects\webdriver\cpp\iedriver\IECommandExecutor.cpp(255) Wait not complete. Scheduling another wait cycle.
D 2021-06-02 19:55:40:667 C:\Projects\webdriver\cpp\iedriver\IECommandExecutor.cpp(969) Creating wait thread with deferred response of `{
	"value" : null
}`
D 2021-06-02 19:55:40:726 C:\Projects\webdriver\cpp\iedriver\IECommandExecutor.cpp(222) Starting wait cycle.
D 2021-06-02 19:55:40:726 C:\Projects\webdriver\cpp\iedriver\IECommandExecutor.cpp(246) Beginning wait.
D 2021-06-02 19:55:40:726 C:\Projects\webdriver\cpp\iedriver\Browser.cpp(567) Navigate Events Completed.
D 2021-06-02 19:55:40:728 C:\Projects\webdriver\cpp\iedriver\Browser.cpp(603) Browser ReadyState is not at least '4'; it was 3
D 2021-06-02 19:55:40:728 C:\Projects\webdriver\cpp\iedriver\IECommandExecutor.cpp(255) Wait not complete. Scheduling another wait cycle.
D 2021-06-02 19:55:40:728 C:\Projects\webdriver\cpp\iedriver\IECommandExecutor.cpp(969) Creating wait thread with deferred response of `{
	"value" : null
}`
D 2021-06-02 19:55:40:789 C:\Projects\webdriver\cpp\iedriver\IECommandExecutor.cpp(222) Starting wait cycle.
D 2021-06-02 19:55:40:789 C:\Projects\webdriver\cpp\iedriver\IECommandExecutor.cpp(246) Beginning wait.
D 2021-06-02 19:55:40:789 C:\Projects\webdriver\cpp\iedriver\Browser.cpp(567) Navigate Events Completed.
D 2021-06-02 19:55:40:792 C:\Projects\webdriver\cpp\iedriver\Browser.cpp(603) Browser ReadyState is not at least '4'; it was 3
D 2021-06-02 19:55:40:792 C:\Projects\webdriver\cpp\iedriver\IECommandExecutor.cpp(255) Wait not complete. Scheduling another wait cycle.
D 2021-06-02 19:55:40:792 C:\Projects\webdriver\cpp\iedriver\IECommandExecutor.cpp(969) Creating wait thread with deferred response of `{
	"value" : null
}`
D 2021-06-02 19:55:40:853 C:\Projects\webdriver\cpp\iedriver\IECommandExecutor.cpp(222) Starting wait cycle.
D 2021-06-02 19:55:40:853 C:\Projects\webdriver\cpp\iedriver\IECommandExecutor.cpp(246) Beginning wait.
D 2021-06-02 19:55:40:853 C:\Projects\webdriver\cpp\iedriver\Browser.cpp(567) Navigate Events Completed.
D 2021-06-02 19:55:40:856 C:\Projects\webdriver\cpp\iedriver\Browser.cpp(603) Browser ReadyState is not at least '4'; it was 3
D 2021-06-02 19:55:40:856 C:\Projects\webdriver\cpp\iedriver\IECommandExecutor.cpp(255) Wait not complete. Scheduling another wait cycle.
D 2021-06-02 19:55:40:856 C:\Projects\webdriver\cpp\iedriver\IECommandExecutor.cpp(969) Creating wait thread with deferred response of `{
	"value" : null
}`
D 2021-06-02 19:55:40:915 C:\Projects\webdriver\cpp\iedriver\IECommandExecutor.cpp(222) Starting wait cycle.
D 2021-06-02 19:55:40:915 C:\Projects\webdriver\cpp\iedriver\IECommandExecutor.cpp(246) Beginning wait.
D 2021-06-02 19:55:40:915 C:\Projects\webdriver\cpp\iedriver\Browser.cpp(567) Navigate Events Completed.
D 2021-06-02 19:55:40:916 C:\Projects\webdriver\cpp\iedriver\Browser.cpp(603) Browser ReadyState is not at least '4'; it was 3
D 2021-06-02 19:55:40:916 C:\Projects\webdriver\cpp\iedriver\IECommandExecutor.cpp(255) Wait not complete. Scheduling another wait cycle.
D 2021-06-02 19:55:40:916 C:\Projects\webdriver\cpp\iedriver\IECommandExecutor.cpp(969) Creating wait thread with deferred response of `{
	"value" : null
}`
D 2021-06-02 19:55:40:978 C:\Projects\webdriver\cpp\iedriver\IECommandExecutor.cpp(222) Starting wait cycle.
D 2021-06-02 19:55:40:978 C:\Projects\webdriver\cpp\iedriver\IECommandExecutor.cpp(246) Beginning wait.
D 2021-06-02 19:55:40:978 C:\Projects\webdriver\cpp\iedriver\Browser.cpp(567) Navigate Events Completed.
D 2021-06-02 19:55:40:988 C:\Projects\webdriver\cpp\iedriver\Browser.cpp(603) Browser ReadyState is not at least '4'; it was 3
D 2021-06-02 19:55:40:988 C:\Projects\webdriver\cpp\iedriver\IECommandExecutor.cpp(255) Wait not complete. Scheduling another wait cycle.
D 2021-06-02 19:55:40:988 C:\Projects\webdriver\cpp\iedriver\IECommandExecutor.cpp(969) Creating wait thread with deferred response of `{
	"value" : null
}`
D 2021-06-02 19:55:41:042 C:\Projects\webdriver\cpp\iedriver\IECommandExecutor.cpp(222) Starting wait cycle.
D 2021-06-02 19:55:41:042 C:\Projects\webdriver\cpp\iedriver\IECommandExecutor.cpp(246) Beginning wait.
D 2021-06-02 19:55:41:042 C:\Projects\webdriver\cpp\iedriver\Browser.cpp(567) Navigate Events Completed.
D 2021-06-02 19:55:41:048 C:\Projects\webdriver\cpp\iedriver\Browser.cpp(583) Browser busy property is true.
D 2021-06-02 19:55:41:048 C:\Projects\webdriver\cpp\iedriver\IECommandExecutor.cpp(255) Wait not complete. Scheduling another wait cycle.
D 2021-06-02 19:55:41:048 C:\Projects\webdriver\cpp\iedriver\IECommandExecutor.cpp(969) Creating wait thread with deferred response of `{
	"value" : null
}`
D 2021-06-02 19:55:41:104 C:\Projects\webdriver\cpp\iedriver\IECommandExecutor.cpp(222) Starting wait cycle.
D 2021-06-02 19:55:41:104 C:\Projects\webdriver\cpp\iedriver\IECommandExecutor.cpp(246) Beginning wait.
D 2021-06-02 19:55:41:104 C:\Projects\webdriver\cpp\iedriver\Browser.cpp(567) Navigate Events Completed.
D 2021-06-02 19:55:41:108 C:\Projects\webdriver\cpp\iedriver\Browser.cpp(627) Waiting for document to complete...
D 2021-06-02 19:55:41:195 C:\Projects\webdriver\cpp\iedriver\Browser.cpp(632) Not in navigating state
D 2021-06-02 19:55:41:195 C:\Projects\webdriver\cpp\iedriver\IECommandExecutor.cpp(263) Wait complete. Setting serialized response to deferred value {
	"value" : null
}
D 2021-06-02 19:55:41:198 C:\Projects\webdriver\cpp\webdriver-server\server.cc(421) Response: {
	"value" : null
}
D 2021-06-02 19:55:44:215 C:\Projects\webdriver\cpp\webdriver-server\server.cc(338) Command: POST /session/f33fcd32-dd8a-4dde-a612-1c6ad90ef2aa/elements {
  "value": "frame[name='fraBottom'],iframe[name='fraBottom']",
  "using": "css selector"
}
D 2021-06-02 19:55:44:215 C:\Projects\webdriver\cpp\webdriver-server\command.cc(36) Raw JSON command: { "name" : "findElements", "locator" : { "sessionid" : "f33fcd32-dd8a-4dde-a612-1c6ad90ef2aa" }, "parameters" : {
  "value": "frame[name='fraBottom'],iframe[name='fraBottom']",
  "using": "css selector"
} }
D 2021-06-02 19:55:44:215 C:\Projects\webdriver\cpp\webdriver-server\command.cc(36) Raw JSON command: { "name" : "findElements", "locator" : { "sessionid" : "f33fcd32-dd8a-4dde-a612-1c6ad90ef2aa" }, "parameters" : {
  "value": "frame[name='fraBottom'],iframe[name='fraBottom']",
  "using": "css selector"
} }
D 2021-06-02 19:55:44:216 C:\Projects\webdriver\cpp\iedriver\IECommandExecutor.cpp(833) Checking for alert before executing findElements command
D 2021-06-02 19:55:44:216 C:\Projects\webdriver\cpp\iedriver\IECommandExecutor.cpp(1035) No alert handle is found
D 2021-06-02 19:55:44:216 C:\Projects\webdriver\cpp\iedriver\IECommandExecutor.cpp(880) Executing command: findElements
I 2021-06-02 19:55:44:216 C:\Projects\webdriver\cpp\iedriver\Browser.cpp(215) No child frame focus. Focus is on top-level frame
D 2021-06-02 19:55:44:339 C:\Projects\webdriver\cpp\iedriver\ElementFinder.cpp(127) Element location strategy is CSS selectors, but document does not support CSS selectors. Falling back to using the Sizzle JavaScript CSS selector engine.
I 2021-06-02 19:55:44:339 C:\Projects\webdriver\cpp\iedriver\Browser.cpp(215) No child frame focus. Focus is on top-level frame
D 2021-06-02 19:55:44:647 C:\Projects\webdriver\cpp\iedriver\ElementRepository.cpp(58) Element is not yet managed
D 2021-06-02 19:55:44:648 C:\Projects\webdriver\cpp\iedriver\IECommandExecutor.cpp(883) Command execution for findElements complete
D 2021-06-02 19:55:44:648 C:\Projects\webdriver\cpp\iedriver\IECommandExecutor.cpp(935) Setting serialized response to {
	"value" : 
	[
		{
			"element-6066-11e4-a52e-4f735466cecf" : "c3d23eca-cbdd-436d-bf2e-17ebb9857c98"
		}
	]
}
D 2021-06-02 19:55:44:648 C:\Projects\webdriver\cpp\iedriver\IECommandExecutor.cpp(936) Is waiting flag: 0
D 2021-06-02 19:55:44:664 C:\Projects\webdriver\cpp\webdriver-server\server.cc(421) Response: {
	"value" : 
	[
		{
			"element-6066-11e4-a52e-4f735466cecf" : "c3d23eca-cbdd-436d-bf2e-17ebb9857c98"
		}
	]
}
D 2021-06-02 19:55:44:673 C:\Projects\webdriver\cpp\webdriver-server\server.cc(338) Command: POST /session/f33fcd32-dd8a-4dde-a612-1c6ad90ef2aa/frame {
  "id": {
    "ELEMENT": "c3d23eca-cbdd-436d-bf2e-17ebb9857c98",
    "element-6066-11e4-a52e-4f735466cecf": "c3d23eca-cbdd-436d-bf2e-17ebb9857c98"
  }
}
D 2021-06-02 19:55:44:674 C:\Projects\webdriver\cpp\webdriver-server\command.cc(36) Raw JSON command: { "name" : "switchToFrame", "locator" : { "sessionid" : "f33fcd32-dd8a-4dde-a612-1c6ad90ef2aa" }, "parameters" : {
  "id": {
    "ELEMENT": "c3d23eca-cbdd-436d-bf2e-17ebb9857c98",
    "element-6066-11e4-a52e-4f735466cecf": "c3d23eca-cbdd-436d-bf2e-17ebb9857c98"
  }
} }
D 2021-06-02 19:55:44:674 C:\Projects\webdriver\cpp\webdriver-server\command.cc(36) Raw JSON command: { "name" : "switchToFrame", "locator" : { "sessionid" : "f33fcd32-dd8a-4dde-a612-1c6ad90ef2aa" }, "parameters" : {
  "id": {
    "ELEMENT": "c3d23eca-cbdd-436d-bf2e-17ebb9857c98",
    "element-6066-11e4-a52e-4f735466cecf": "c3d23eca-cbdd-436d-bf2e-17ebb9857c98"
  }
} }
D 2021-06-02 19:55:44:674 C:\Projects\webdriver\cpp\iedriver\IECommandExecutor.cpp(833) Checking for alert before executing switchToFrame command
D 2021-06-02 19:55:44:674 C:\Projects\webdriver\cpp\iedriver\IECommandExecutor.cpp(1035) No alert handle is found
D 2021-06-02 19:55:44:675 C:\Projects\webdriver\cpp\iedriver\IECommandExecutor.cpp(880) Executing command: switchToFrame
I 2021-06-02 19:55:44:687 C:\Projects\webdriver\cpp\iedriver\Browser.cpp(215) No child frame focus. Focus is on top-level frame
D 2021-06-02 19:55:44:765 C:\Projects\webdriver\cpp\iedriver\IECommandExecutor.cpp(883) Command execution for switchToFrame complete
D 2021-06-02 19:55:44:765 C:\Projects\webdriver\cpp\iedriver\IECommandExecutor.cpp(935) Setting serialized response to {
	"value" : null
}
D 2021-06-02 19:55:44:765 C:\Projects\webdriver\cpp\iedriver\IECommandExecutor.cpp(936) Is waiting flag: 0
D 2021-06-02 19:55:44:788 C:\Projects\webdriver\cpp\webdriver-server\server.cc(421) Response: {
	"value" : null
}
D 2021-06-02 19:55:44:794 C:\Projects\webdriver\cpp\webdriver-server\server.cc(338) Command: POST /session/f33fcd32-dd8a-4dde-a612-1c6ad90ef2aa/elements {
  "value": "frame[name='fraNavigator'],iframe[name='fraNavigator']",
  "using": "css selector"
}
D 2021-06-02 19:55:44:794 C:\Projects\webdriver\cpp\webdriver-server\command.cc(36) Raw JSON command: { "name" : "findElements", "locator" : { "sessionid" : "f33fcd32-dd8a-4dde-a612-1c6ad90ef2aa" }, "parameters" : {
  "value": "frame[name='fraNavigator'],iframe[name='fraNavigator']",
  "using": "css selector"
} }
D 2021-06-02 19:55:44:794 C:\Projects\webdriver\cpp\webdriver-server\command.cc(36) Raw JSON command: { "name" : "findElements", "locator" : { "sessionid" : "f33fcd32-dd8a-4dde-a612-1c6ad90ef2aa" }, "parameters" : {
  "value": "frame[name='fraNavigator'],iframe[name='fraNavigator']",
  "using": "css selector"
} }
D 2021-06-02 19:55:44:794 C:\Projects\webdriver\cpp\iedriver\IECommandExecutor.cpp(833) Checking for alert before executing findElements command
D 2021-06-02 19:55:44:795 C:\Projects\webdriver\cpp\iedriver\IECommandExecutor.cpp(1035) No alert handle is found
D 2021-06-02 19:55:44:795 C:\Projects\webdriver\cpp\iedriver\IECommandExecutor.cpp(880) Executing command: findElements
D 2021-06-02 19:55:44:806 C:\Projects\webdriver\cpp\iedriver\ElementFinder.cpp(127) Element location strategy is CSS selectors, but document does not support CSS selectors. Falling back to using the Sizzle JavaScript CSS selector engine.
D 2021-06-02 19:55:45:084 C:\Projects\webdriver\cpp\iedriver\IECommandExecutor.cpp(883) Command execution for findElements complete
D 2021-06-02 19:55:45:084 C:\Projects\webdriver\cpp\iedriver\IECommandExecutor.cpp(935) Setting serialized response to {
	"value" : []
}
D 2021-06-02 19:55:45:084 C:\Projects\webdriver\cpp\iedriver\IECommandExecutor.cpp(936) Is waiting flag: 0
D 2021-06-02 19:55:45:088 C:\Projects\webdriver\cpp\webdriver-server\server.cc(421) Response: {
	"value" : []
}
D 2021-06-02 19:55:45:093 C:\Projects\webdriver\cpp\webdriver-server\server.cc(338) Command: POST /session/f33fcd32-dd8a-4dde-a612-1c6ad90ef2aa/elements {
  "value": "frame#fraNavigator,iframe#fraNavigator",
  "using": "css selector"
}
D 2021-06-02 19:55:45:093 C:\Projects\webdriver\cpp\webdriver-server\command.cc(36) Raw JSON command: { "name" : "findElements", "locator" : { "sessionid" : "f33fcd32-dd8a-4dde-a612-1c6ad90ef2aa" }, "parameters" : {
  "value": "frame#fraNavigator,iframe#fraNavigator",
  "using": "css selector"
} }
D 2021-06-02 19:55:45:093 C:\Projects\webdriver\cpp\webdriver-server\command.cc(36) Raw JSON command: { "name" : "findElements", "locator" : { "sessionid" : "f33fcd32-dd8a-4dde-a612-1c6ad90ef2aa" }, "parameters" : {
  "value": "frame#fraNavigator,iframe#fraNavigator",
  "using": "css selector"
} }
D 2021-06-02 19:55:45:094 C:\Projects\webdriver\cpp\iedriver\IECommandExecutor.cpp(833) Checking for alert before executing findElements command
D 2021-06-02 19:55:45:094 C:\Projects\webdriver\cpp\iedriver\IECommandExecutor.cpp(1035) No alert handle is found
D 2021-06-02 19:55:45:094 C:\Projects\webdriver\cpp\iedriver\IECommandExecutor.cpp(880) Executing command: findElements
D 2021-06-02 19:55:45:104 C:\Projects\webdriver\cpp\iedriver\ElementFinder.cpp(127) Element location strategy is CSS selectors, but document does not support CSS selectors. Falling back to using the Sizzle JavaScript CSS selector engine.
D 2021-06-02 19:55:45:129 C:\Projects\webdriver\cpp\iedriver\ElementRepository.cpp(58) Element is not yet managed
D 2021-06-02 19:55:45:130 C:\Projects\webdriver\cpp\iedriver\IECommandExecutor.cpp(883) Command execution for findElements complete
D 2021-06-02 19:55:45:130 C:\Projects\webdriver\cpp\iedriver\IECommandExecutor.cpp(935) Setting serialized response to {
	"value" : 
	[
		{
			"element-6066-11e4-a52e-4f735466cecf" : "b5cf5f99-eeaa-4802-a1bb-b3a1cf6d5439"
		}
	]
}
D 2021-06-02 19:55:45:130 C:\Projects\webdriver\cpp\iedriver\IECommandExecutor.cpp(936) Is waiting flag: 0
D 2021-06-02 19:55:45:132 C:\Projects\webdriver\cpp\webdriver-server\server.cc(421) Response: {
	"value" : 
	[
		{
			"element-6066-11e4-a52e-4f735466cecf" : "b5cf5f99-eeaa-4802-a1bb-b3a1cf6d5439"
		}
	]
}
D 2021-06-02 19:55:45:139 C:\Projects\webdriver\cpp\webdriver-server\server.cc(338) Command: POST /session/f33fcd32-dd8a-4dde-a612-1c6ad90ef2aa/frame {
  "id": {
    "ELEMENT": "b5cf5f99-eeaa-4802-a1bb-b3a1cf6d5439",
    "element-6066-11e4-a52e-4f735466cecf": "b5cf5f99-eeaa-4802-a1bb-b3a1cf6d5439"
  }
}
D 2021-06-02 19:55:45:139 C:\Projects\webdriver\cpp\webdriver-server\command.cc(36) Raw JSON command: { "name" : "switchToFrame", "locator" : { "sessionid" : "f33fcd32-dd8a-4dde-a612-1c6ad90ef2aa" }, "parameters" : {
  "id": {
    "ELEMENT": "b5cf5f99-eeaa-4802-a1bb-b3a1cf6d5439",
    "element-6066-11e4-a52e-4f735466cecf": "b5cf5f99-eeaa-4802-a1bb-b3a1cf6d5439"
  }
} }
D 2021-06-02 19:55:45:139 C:\Projects\webdriver\cpp\webdriver-server\command.cc(36) Raw JSON command: { "name" : "switchToFrame", "locator" : { "sessionid" : "f33fcd32-dd8a-4dde-a612-1c6ad90ef2aa" }, "parameters" : {
  "id": {
    "ELEMENT": "b5cf5f99-eeaa-4802-a1bb-b3a1cf6d5439",
    "element-6066-11e4-a52e-4f735466cecf": "b5cf5f99-eeaa-4802-a1bb-b3a1cf6d5439"
  }
} }
D 2021-06-02 19:55:45:139 C:\Projects\webdriver\cpp\iedriver\IECommandExecutor.cpp(833) Checking for alert before executing switchToFrame command
D 2021-06-02 19:55:45:140 C:\Projects\webdriver\cpp\iedriver\IECommandExecutor.cpp(1035) No alert handle is found
D 2021-06-02 19:55:45:140 C:\Projects\webdriver\cpp\iedriver\IECommandExecutor.cpp(880) Executing command: switchToFrame
D 2021-06-02 19:55:45:161 C:\Projects\webdriver\cpp\iedriver\IECommandExecutor.cpp(883) Command execution for switchToFrame complete
D 2021-06-02 19:55:45:161 C:\Projects\webdriver\cpp\iedriver\IECommandExecutor.cpp(935) Setting serialized response to {
	"value" : null
}
D 2021-06-02 19:55:45:161 C:\Projects\webdriver\cpp\iedriver\IECommandExecutor.cpp(936) Is waiting flag: 0
D 2021-06-02 19:55:45:167 C:\Projects\webdriver\cpp\webdriver-server\server.cc(421) Response: {
	"value" : null
}
D 2021-06-02 19:55:45:172 C:\Projects\webdriver\cpp\webdriver-server\server.cc(338) Command: POST /session/f33fcd32-dd8a-4dde-a612-1c6ad90ef2aa/element {
  "value": "\u002f\u002fspan[.='Mod Distribucion y Olas']",
  "using": "xpath"
}
D 2021-06-02 19:55:45:172 C:\Projects\webdriver\cpp\webdriver-server\command.cc(36) Raw JSON command: { "name" : "findElement", "locator" : { "sessionid" : "f33fcd32-dd8a-4dde-a612-1c6ad90ef2aa" }, "parameters" : {
  "value": "\u002f\u002fspan[.='Mod Distribucion y Olas']",
  "using": "xpath"
} }
D 2021-06-02 19:55:45:172 C:\Projects\webdriver\cpp\webdriver-server\command.cc(36) Raw JSON command: { "name" : "findElement", "locator" : { "sessionid" : "f33fcd32-dd8a-4dde-a612-1c6ad90ef2aa" }, "parameters" : {
  "value": "\u002f\u002fspan[.='Mod Distribucion y Olas']",
  "using": "xpath"
} }
D 2021-06-02 19:55:45:172 C:\Projects\webdriver\cpp\iedriver\IECommandExecutor.cpp(833) Checking for alert before executing findElement command
D 2021-06-02 19:55:45:172 C:\Projects\webdriver\cpp\iedriver\IECommandExecutor.cpp(1035) No alert handle is found
D 2021-06-02 19:55:45:172 C:\Projects\webdriver\cpp\iedriver\IECommandExecutor.cpp(880) Executing command: findElement
D 2021-06-02 19:55:45:172 C:\Projects\webdriver\cpp\iedriver\ElementFinder.cpp(65) Using FindElement atom to locate element having xpath = //span[.='Mod Distribucion y Olas']
D 2021-06-02 19:55:45:202 C:\Projects\webdriver\cpp\iedriver\VariantUtilities.cpp(105) Result type is JScriptTypeInfo
D 2021-06-02 19:55:45:206 C:\Projects\webdriver\cpp\iedriver\VariantUtilities.cpp(105) Result type is JScriptTypeInfo
D 2021-06-02 19:55:45:217 C:\Projects\webdriver\cpp\iedriver\VariantUtilities.cpp(105) Result type is JScriptTypeInfo
D 2021-06-02 19:55:45:219 C:\Projects\webdriver\cpp\iedriver\VariantUtilities.cpp(401) -2147352570 [Nombre desconocido.]: Unable to get dispatch ID (dispid) for property toJSON
D 2021-06-02 19:55:45:219 C:\Projects\webdriver\cpp\iedriver\VariantUtilities.cpp(325) No toJSON property found on IDispatch
D 2021-06-02 19:55:45:223 C:\Projects\webdriver\cpp\iedriver\ElementRepository.cpp(58) Element is not yet managed
D 2021-06-02 19:55:45:224 C:\Projects\webdriver\cpp\iedriver\IECommandExecutor.cpp(883) Command execution for findElement complete
D 2021-06-02 19:55:45:224 C:\Projects\webdriver\cpp\iedriver\IECommandExecutor.cpp(935) Setting serialized response to {
	"value" : 
	{
		"element-6066-11e4-a52e-4f735466cecf" : "ede87e8c-12de-4f67-a90b-ed192d04e7ff"
	}
}
D 2021-06-02 19:55:45:224 C:\Projects\webdriver\cpp\iedriver\IECommandExecutor.cpp(936) Is waiting flag: 0
D 2021-06-02 19:55:45:225 C:\Projects\webdriver\cpp\webdriver-server\server.cc(421) Response: {
	"value" : 
	{
		"element-6066-11e4-a52e-4f735466cecf" : "ede87e8c-12de-4f67-a90b-ed192d04e7ff"
	}
}
D 2021-06-02 19:55:45:231 C:\Projects\webdriver\cpp\webdriver-server\server.cc(338) Command: POST /session/f33fcd32-dd8a-4dde-a612-1c6ad90ef2aa/element/ede87e8c-12de-4f67-a90b-ed192d04e7ff/click {
  "id": "ede87e8c-12de-4f67-a90b-ed192d04e7ff"
}
D 2021-06-02 19:55:45:231 C:\Projects\webdriver\cpp\webdriver-server\command.cc(36) Raw JSON command: { "name" : "click", "locator" : { "sessionid" : "f33fcd32-dd8a-4dde-a612-1c6ad90ef2aa", "id" : "ede87e8c-12de-4f67-a90b-ed192d04e7ff" }, "parameters" : {
  "id": "ede87e8c-12de-4f67-a90b-ed192d04e7ff"
} }
D 2021-06-02 19:55:45:231 C:\Projects\webdriver\cpp\webdriver-server\command.cc(36) Raw JSON command: { "name" : "click", "locator" : { "sessionid" : "f33fcd32-dd8a-4dde-a612-1c6ad90ef2aa", "id" : "ede87e8c-12de-4f67-a90b-ed192d04e7ff" }, "parameters" : {
  "id": "ede87e8c-12de-4f67-a90b-ed192d04e7ff"
} }
D 2021-06-02 19:55:45:232 C:\Projects\webdriver\cpp\iedriver\IECommandExecutor.cpp(833) Checking for alert before executing click command
D 2021-06-02 19:55:45:232 C:\Projects\webdriver\cpp\iedriver\IECommandExecutor.cpp(1035) No alert handle is found
D 2021-06-02 19:55:45:232 C:\Projects\webdriver\cpp\iedriver\IECommandExecutor.cpp(880) Executing command: click
D 2021-06-02 19:55:45:262 C:\Projects\webdriver\cpp\iedriver\Element.cpp(1089) Element is inline with one client rect, using IHTMLElement2::getBoundingClientRect
D 2021-06-02 19:55:45:277 C:\Projects\webdriver\cpp\iedriver\Element.cpp(1261) Element is in a frame.
D 2021-06-02 19:55:45:290 C:\Projects\webdriver\cpp\iedriver\Element.cpp(1297) Located host frame. Attempting to get hosting element
D 2021-06-02 19:55:45:298 C:\Projects\webdriver\cpp\iedriver\Element.cpp(1354) Successfully found frame hosting element
D 2021-06-02 19:55:45:318 C:\Projects\webdriver\cpp\iedriver\Element.cpp(1094) Element is a block element, using IHTMLElement2::getBoundingClientRect
D 2021-06-02 19:55:45:335 C:\Projects\webdriver\cpp\iedriver\Element.cpp(1261) Element is in a frame.
D 2021-06-02 19:55:45:358 C:\Projects\webdriver\cpp\iedriver\Element.cpp(1297) Located host frame. Attempting to get hosting element
D 2021-06-02 19:55:45:362 C:\Projects\webdriver\cpp\iedriver\Element.cpp(1354) Successfully found frame hosting element
D 2021-06-02 19:55:45:378 C:\Projects\webdriver\cpp\iedriver\Element.cpp(1094) Element is a block element, using IHTMLElement2::getBoundingClientRect
D 2021-06-02 19:55:45:395 C:\Projects\webdriver\cpp\iedriver\Element.cpp(1176) Element is not in a frame
D 2021-06-02 19:55:45:423 C:\Projects\webdriver\cpp\iedriver\Element.cpp(755) (x, y, w, h): 25, 235, 139, 16
D 2021-06-02 19:55:45:464 C:\Projects\webdriver\cpp\iedriver\Element.cpp(1089) Element is inline with one client rect, using IHTMLElement2::getBoundingClientRect
D 2021-06-02 19:55:45:469 C:\Projects\webdriver\cpp\iedriver\Element.cpp(1176) Element is not in a frame
D 2021-06-02 19:55:45:481 C:\Projects\webdriver\cpp\iedriver\InputManager.cpp(237) Mutex acquired for user interaction.
D 2021-06-02 19:55:45:485 C:\Projects\webdriver\cpp\iedriver\Element.cpp(1089) Element is inline with one client rect, using IHTMLElement2::getBoundingClientRect
D 2021-06-02 19:55:45:498 C:\Projects\webdriver\cpp\iedriver\Element.cpp(1261) Element is in a frame.
D 2021-06-02 19:55:45:509 C:\Projects\webdriver\cpp\iedriver\Element.cpp(1297) Located host frame. Attempting to get hosting element
D 2021-06-02 19:55:45:512 C:\Projects\webdriver\cpp\iedriver\Element.cpp(1354) Successfully found frame hosting element
D 2021-06-02 19:55:45:525 C:\Projects\webdriver\cpp\iedriver\Element.cpp(1094) Element is a block element, using IHTMLElement2::getBoundingClientRect
D 2021-06-02 19:55:45:541 C:\Projects\webdriver\cpp\iedriver\Element.cpp(1261) Element is in a frame.
D 2021-06-02 19:55:45:560 C:\Projects\webdriver\cpp\iedriver\Element.cpp(1297) Located host frame. Attempting to get hosting element
D 2021-06-02 19:55:45:565 C:\Projects\webdriver\cpp\iedriver\Element.cpp(1354) Successfully found frame hosting element
D 2021-06-02 19:55:45:575 C:\Projects\webdriver\cpp\iedriver\Element.cpp(1094) Element is a block element, using IHTMLElement2::getBoundingClientRect
D 2021-06-02 19:55:45:591 C:\Projects\webdriver\cpp\iedriver\Element.cpp(1176) Element is not in a frame
D 2021-06-02 19:55:45:594 C:\Projects\webdriver\cpp\iedriver\InputManager.cpp(451) Queueing SendInput structure for mouse move (origin: ede87e8c-12de-4f67-a90b-ed192d04e7ff, x: 94, y: 243)
D 2021-06-02 19:55:45:594 C:\Projects\webdriver\cpp\iedriver\InputManager.cpp(510) Queueing SendInput structure for mouse button down
D 2021-06-02 19:55:45:594 C:\Projects\webdriver\cpp\iedriver\InputManager.cpp(533) Queueing SendInput structure for mouse button up
D 2021-06-02 19:55:45:594 C:\Projects\webdriver\cpp\iedriver\InputManager.cpp(155) Processing a total of 3 input events
D 2021-06-02 19:55:45:676 C:\Projects\webdriver\cpp\iedriver\IECommandExecutor.cpp(883) Command execution for click complete
D 2021-06-02 19:55:45:676 C:\Projects\webdriver\cpp\iedriver\IECommandExecutor.cpp(923) Command handler requested wait. This will cause a minimal wait of at least 50 milliseconds.
D 2021-06-02 19:55:45:676 C:\Projects\webdriver\cpp\iedriver\IECommandExecutor.cpp(969) Creating wait thread with deferred response of `{
	"value" : null
}`
D 2021-06-02 19:55:45:740 C:\Projects\webdriver\cpp\iedriver\IECommandExecutor.cpp(222) Starting wait cycle.
D 2021-06-02 19:55:45:740 C:\Projects\webdriver\cpp\iedriver\IECommandExecutor.cpp(246) Beginning wait.
D 2021-06-02 19:55:45:740 C:\Projects\webdriver\cpp\iedriver\Browser.cpp(567) Navigate Events Completed.
D 2021-06-02 19:55:45:745 C:\Projects\webdriver\cpp\iedriver\Browser.cpp(627) Waiting for document to complete...
D 2021-06-02 19:55:45:792 C:\Projects\webdriver\cpp\iedriver\Browser.cpp(632) Not in navigating state
D 2021-06-02 19:55:45:792 C:\Projects\webdriver\cpp\iedriver\IECommandExecutor.cpp(263) Wait complete. Setting serialized response to deferred value {
	"value" : null
}
D 2021-06-02 19:55:45:803 C:\Projects\webdriver\cpp\webdriver-server\server.cc(421) Response: {
	"value" : null
}
D 2021-06-02 19:55:45:808 C:\Projects\webdriver\cpp\webdriver-server\server.cc(338) Command: POST /session/f33fcd32-dd8a-4dde-a612-1c6ad90ef2aa/element {
  "value": "\u002f\u002fspan[.='Mod Wave Mgmt Inquiries']",
  "using": "xpath"
}
D 2021-06-02 19:55:45:808 C:\Projects\webdriver\cpp\webdriver-server\command.cc(36) Raw JSON command: { "name" : "findElement", "locator" : { "sessionid" : "f33fcd32-dd8a-4dde-a612-1c6ad90ef2aa" }, "parameters" : {
  "value": "\u002f\u002fspan[.='Mod Wave Mgmt Inquiries']",
  "using": "xpath"
} }
D 2021-06-02 19:55:45:808 C:\Projects\webdriver\cpp\webdriver-server\command.cc(36) Raw JSON command: { "name" : "findElement", "locator" : { "sessionid" : "f33fcd32-dd8a-4dde-a612-1c6ad90ef2aa" }, "parameters" : {
  "value": "\u002f\u002fspan[.='Mod Wave Mgmt Inquiries']",
  "using": "xpath"
} }
D 2021-06-02 19:55:45:808 C:\Projects\webdriver\cpp\iedriver\IECommandExecutor.cpp(833) Checking for alert before executing findElement command
D 2021-06-02 19:55:45:809 C:\Projects\webdriver\cpp\iedriver\IECommandExecutor.cpp(1035) No alert handle is found
D 2021-06-02 19:55:45:809 C:\Projects\webdriver\cpp\iedriver\IECommandExecutor.cpp(880) Executing command: findElement
D 2021-06-02 19:55:45:809 C:\Projects\webdriver\cpp\iedriver\ElementFinder.cpp(65) Using FindElement atom to locate element having xpath = //span[.='Mod Wave Mgmt Inquiries']
D 2021-06-02 19:55:45:829 C:\Projects\webdriver\cpp\iedriver\VariantUtilities.cpp(105) Result type is JScriptTypeInfo
D 2021-06-02 19:55:45:840 C:\Projects\webdriver\cpp\iedriver\VariantUtilities.cpp(105) Result type is JScriptTypeInfo
D 2021-06-02 19:55:45:851 C:\Projects\webdriver\cpp\iedriver\VariantUtilities.cpp(105) Result type is JScriptTypeInfo
D 2021-06-02 19:55:45:854 C:\Projects\webdriver\cpp\iedriver\VariantUtilities.cpp(401) -2147352570 [Nombre desconocido.]: Unable to get dispatch ID (dispid) for property toJSON
D 2021-06-02 19:55:45:854 C:\Projects\webdriver\cpp\iedriver\VariantUtilities.cpp(325) No toJSON property found on IDispatch
D 2021-06-02 19:55:45:858 C:\Projects\webdriver\cpp\iedriver\ElementRepository.cpp(58) Element is not yet managed
D 2021-06-02 19:55:45:858 C:\Projects\webdriver\cpp\iedriver\IECommandExecutor.cpp(883) Command execution for findElement complete
D 2021-06-02 19:55:45:858 C:\Projects\webdriver\cpp\iedriver\IECommandExecutor.cpp(935) Setting serialized response to {
	"value" : 
	{
		"element-6066-11e4-a52e-4f735466cecf" : "d4c0e058-9270-472f-9987-2694ca5992a4"
	}
}
D 2021-06-02 19:55:45:858 C:\Projects\webdriver\cpp\iedriver\IECommandExecutor.cpp(936) Is waiting flag: 0
D 2021-06-02 19:55:45:865 C:\Projects\webdriver\cpp\webdriver-server\server.cc(421) Response: {
	"value" : 
	{
		"element-6066-11e4-a52e-4f735466cecf" : "d4c0e058-9270-472f-9987-2694ca5992a4"
	}
}
D 2021-06-02 19:55:45:871 C:\Projects\webdriver\cpp\webdriver-server\server.cc(338) Command: POST /session/f33fcd32-dd8a-4dde-a612-1c6ad90ef2aa/element/d4c0e058-9270-472f-9987-2694ca5992a4/click {
  "id": "d4c0e058-9270-472f-9987-2694ca5992a4"
}
D 2021-06-02 19:55:45:871 C:\Projects\webdriver\cpp\webdriver-server\command.cc(36) Raw JSON command: { "name" : "click", "locator" : { "sessionid" : "f33fcd32-dd8a-4dde-a612-1c6ad90ef2aa", "id" : "d4c0e058-9270-472f-9987-2694ca5992a4" }, "parameters" : {
  "id": "d4c0e058-9270-472f-9987-2694ca5992a4"
} }
D 2021-06-02 19:55:45:871 C:\Projects\webdriver\cpp\webdriver-server\command.cc(36) Raw JSON command: { "name" : "click", "locator" : { "sessionid" : "f33fcd32-dd8a-4dde-a612-1c6ad90ef2aa", "id" : "d4c0e058-9270-472f-9987-2694ca5992a4" }, "parameters" : {
  "id": "d4c0e058-9270-472f-9987-2694ca5992a4"
} }
D 2021-06-02 19:55:45:871 C:\Projects\webdriver\cpp\iedriver\IECommandExecutor.cpp(833) Checking for alert before executing click command
D 2021-06-02 19:55:45:872 C:\Projects\webdriver\cpp\iedriver\IECommandExecutor.cpp(1035) No alert handle is found
D 2021-06-02 19:55:45:872 C:\Projects\webdriver\cpp\iedriver\IECommandExecutor.cpp(880) Executing command: click
D 2021-06-02 19:55:46:136 C:\Projects\webdriver\cpp\iedriver\Element.cpp(1089) Element is inline with one client rect, using IHTMLElement2::getBoundingClientRect
D 2021-06-02 19:55:46:151 C:\Projects\webdriver\cpp\iedriver\Element.cpp(1261) Element is in a frame.
D 2021-06-02 19:55:46:160 C:\Projects\webdriver\cpp\iedriver\Element.cpp(1297) Located host frame. Attempting to get hosting element
D 2021-06-02 19:55:46:162 C:\Projects\webdriver\cpp\iedriver\Element.cpp(1354) Successfully found frame hosting element
D 2021-06-02 19:55:46:177 C:\Projects\webdriver\cpp\iedriver\Element.cpp(1094) Element is a block element, using IHTMLElement2::getBoundingClientRect
D 2021-06-02 19:55:46:190 C:\Projects\webdriver\cpp\iedriver\Element.cpp(1261) Element is in a frame.
D 2021-06-02 19:55:46:209 C:\Projects\webdriver\cpp\iedriver\Element.cpp(1297) Located host frame. Attempting to get hosting element
D 2021-06-02 19:55:46:213 C:\Projects\webdriver\cpp\iedriver\Element.cpp(1354) Successfully found frame hosting element
D 2021-06-02 19:55:46:227 C:\Projects\webdriver\cpp\iedriver\Element.cpp(1094) Element is a block element, using IHTMLElement2::getBoundingClientRect
D 2021-06-02 19:55:46:240 C:\Projects\webdriver\cpp\iedriver\Element.cpp(1176) Element is not in a frame
D 2021-06-02 19:55:46:259 C:\Projects\webdriver\cpp\iedriver\Element.cpp(755) (x, y, w, h): 46, 277, 150, 16
D 2021-06-02 19:55:46:306 C:\Projects\webdriver\cpp\iedriver\Element.cpp(1089) Element is inline with one client rect, using IHTMLElement2::getBoundingClientRect
D 2021-06-02 19:55:46:313 C:\Projects\webdriver\cpp\iedriver\Element.cpp(1176) Element is not in a frame
D 2021-06-02 19:55:46:325 C:\Projects\webdriver\cpp\iedriver\InputManager.cpp(237) Mutex acquired for user interaction.
D 2021-06-02 19:55:46:329 C:\Projects\webdriver\cpp\iedriver\Element.cpp(1089) Element is inline with one client rect, using IHTMLElement2::getBoundingClientRect
D 2021-06-02 19:55:46:341 C:\Projects\webdriver\cpp\iedriver\Element.cpp(1261) Element is in a frame.
D 2021-06-02 19:55:46:353 C:\Projects\webdriver\cpp\iedriver\Element.cpp(1297) Located host frame. Attempting to get hosting element
D 2021-06-02 19:55:46:357 C:\Projects\webdriver\cpp\iedriver\Element.cpp(1354) Successfully found frame hosting element
D 2021-06-02 19:55:46:369 C:\Projects\webdriver\cpp\iedriver\Element.cpp(1094) Element is a block element, using IHTMLElement2::getBoundingClientRect
D 2021-06-02 19:55:46:384 C:\Projects\webdriver\cpp\iedriver\Element.cpp(1261) Element is in a frame.
D 2021-06-02 19:55:46:403 C:\Projects\webdriver\cpp\iedriver\Element.cpp(1297) Located host frame. Attempting to get hosting element
D 2021-06-02 19:55:46:405 C:\Projects\webdriver\cpp\iedriver\Element.cpp(1354) Successfully found frame hosting element
D 2021-06-02 19:55:46:419 C:\Projects\webdriver\cpp\iedriver\Element.cpp(1094) Element is a block element, using IHTMLElement2::getBoundingClientRect
D 2021-06-02 19:55:46:430 C:\Projects\webdriver\cpp\iedriver\Element.cpp(1176) Element is not in a frame
D 2021-06-02 19:55:46:438 C:\Projects\webdriver\cpp\iedriver\InputManager.cpp(451) Queueing SendInput structure for mouse move (origin: d4c0e058-9270-472f-9987-2694ca5992a4, x: 121, y: 285)
D 2021-06-02 19:55:46:438 C:\Projects\webdriver\cpp\iedriver\InputManager.cpp(510) Queueing SendInput structure for mouse button down
D 2021-06-02 19:55:46:438 C:\Projects\webdriver\cpp\iedriver\InputManager.cpp(533) Queueing SendInput structure for mouse button up
D 2021-06-02 19:55:46:438 C:\Projects\webdriver\cpp\iedriver\InputManager.cpp(155) Processing a total of 3 input events
D 2021-06-02 19:55:46:519 C:\Projects\webdriver\cpp\iedriver\IECommandExecutor.cpp(883) Command execution for click complete
D 2021-06-02 19:55:46:519 C:\Projects\webdriver\cpp\iedriver\IECommandExecutor.cpp(923) Command handler requested wait. This will cause a minimal wait of at least 50 milliseconds.
D 2021-06-02 19:55:46:519 C:\Projects\webdriver\cpp\iedriver\IECommandExecutor.cpp(969) Creating wait thread with deferred response of `{
	"value" : null
}`
D 2021-06-02 19:55:46:586 C:\Projects\webdriver\cpp\iedriver\IECommandExecutor.cpp(222) Starting wait cycle.
D 2021-06-02 19:55:46:586 C:\Projects\webdriver\cpp\iedriver\IECommandExecutor.cpp(246) Beginning wait.
D 2021-06-02 19:55:46:586 C:\Projects\webdriver\cpp\iedriver\Browser.cpp(567) Navigate Events Completed.
D 2021-06-02 19:55:46:592 C:\Projects\webdriver\cpp\iedriver\Browser.cpp(627) Waiting for document to complete...
D 2021-06-02 19:55:46:684 C:\Projects\webdriver\cpp\iedriver\Browser.cpp(632) Not in navigating state
D 2021-06-02 19:55:46:684 C:\Projects\webdriver\cpp\iedriver\IECommandExecutor.cpp(263) Wait complete. Setting serialized response to deferred value {
	"value" : null
}
D 2021-06-02 19:55:46:696 C:\Projects\webdriver\cpp\webdriver-server\server.cc(421) Response: {
	"value" : null
}
D 2021-06-02 19:55:46:701 C:\Projects\webdriver\cpp\webdriver-server\server.cc(338) Command: DELETE /session/f33fcd32-dd8a-4dde-a612-1c6ad90ef2aa {}
D 2021-06-02 19:55:46:702 C:\Projects\webdriver\cpp\webdriver-server\command.cc(36) Raw JSON command: { "name" : "quit", "locator" : { "sessionid" : "f33fcd32-dd8a-4dde-a612-1c6ad90ef2aa" }, "parameters" : {} }
D 2021-06-02 19:55:46:702 C:\Projects\webdriver\cpp\webdriver-server\command.cc(36) Raw JSON command: { "name" : "quit", "locator" : { "sessionid" : "f33fcd32-dd8a-4dde-a612-1c6ad90ef2aa" }, "parameters" : {} }
D 2021-06-02 19:55:46:702 C:\Projects\webdriver\cpp\iedriver\IECommandExecutor.cpp(833) Checking for alert before executing quit command
D 2021-06-02 19:55:46:703 C:\Projects\webdriver\cpp\iedriver\IECommandExecutor.cpp(1035) No alert handle is found
D 2021-06-02 19:55:46:703 C:\Projects\webdriver\cpp\iedriver\IECommandExecutor.cpp(880) Executing command: quit
D 2021-06-02 19:55:46:713 C:\Projects\webdriver\cpp\iedriver\IECommandExecutor.cpp(883) Command execution for quit complete
D 2021-06-02 19:55:46:713 C:\Projects\webdriver\cpp\iedriver\IECommandExecutor.cpp(935) Setting serialized response to {
	"value" : null
}
D 2021-06-02 19:55:46:713 C:\Projects\webdriver\cpp\iedriver\IECommandExecutor.cpp(936) Is waiting flag: 0
D 2021-06-02 19:55:52:082 C:\Projects\webdriver\cpp\iedriver\IESession.cpp(147) Not all browsers have been deallocated!
D 2021-06-02 19:55:52:092 C:\Projects\webdriver\cpp\iedriver\Alert.cpp(365) accRole for child with index 0: 2
D 2021-06-02 19:55:52:092 C:\Projects\webdriver\cpp\iedriver\Alert.cpp(365) accRole for child with index 1: 1
D 2021-06-02 19:55:52:092 C:\Projects\webdriver\cpp\iedriver\Alert.cpp(365) accRole for child with index 2: 2
D 2021-06-02 19:55:52:101 C:\Projects\webdriver\cpp\iedriver\Alert.cpp(365) accRole for child with index 3: 16
D 2021-06-02 19:55:52:101 C:\Projects\webdriver\cpp\iedriver\Alert.cpp(365) accRole for child with index 4: 3
D 2021-06-02 19:55:52:101 C:\Projects\webdriver\cpp\iedriver\Alert.cpp(365) accRole for child with index 5: 3
D 2021-06-02 19:55:52:101 C:\Projects\webdriver\cpp\iedriver\Alert.cpp(365) accRole for child with index 6: 4
D 2021-06-02 19:55:52:120 C:\Projects\webdriver\cpp\iedriver\Alert.cpp(365) accRole for child with index 0: 40
D 2021-06-02 19:55:52:122 C:\Projects\webdriver\cpp\iedriver\Alert.cpp(365) accRole for child with index 1: 41
D 2021-06-02 19:55:52:125 C:\Projects\webdriver\cpp\iedriver\Alert.cpp(365) accRole for child with index 2: 41
D 2021-06-02 19:55:52:126 C:\Projects\webdriver\cpp\iedriver\Alert.cpp(365) accRole for child with index 3: 9
D 2021-06-02 19:55:52:128 C:\Projects\webdriver\cpp\iedriver\Alert.cpp(365) accRole for child with index 4: 9
D 2021-06-02 19:55:52:131 C:\Projects\webdriver\cpp\iedriver\Alert.cpp(90) Closing alert using SendMessage
D 2021-06-02 19:55:52:321 C:\Projects\webdriver\cpp\iedriver\Alert.cpp(427) IsWindow() for alert handle 0x000F142E: 0
D 2021-06-02 19:55:52:652 C:\Projects\webdriver\cpp\iedriver\IESession.cpp(157) Executor shutdown successful!
D 2021-06-02 19:55:52:652 C:\Projects\webdriver\cpp\iedriver\IESession.cpp(165) Posting thread shutdown message
D 2021-06-02 19:55:52:652 C:\Projects\webdriver\cpp\iedriver\IESession.cpp(168) Starting wait for thread completion
D 2021-06-02 19:55:52:652 C:\Projects\webdriver\cpp\iedriver\IESession.cpp(171) Waiting for thread to end returned 4294967295
D 2021-06-02 19:55:52:652 C:\Projects\webdriver\cpp\webdriver-server\server.cc(421) Response: {
	"value" : null
}
D 2021-06-02 19:55:52:652 C:\Projects\webdriver\cpp\iedriver\IECommandExecutor.cpp(793) Shutdown message received
D 2021-06-02 19:55:52:653 C:\Projects\webdriver\cpp\iedriver\IECommandExecutor.cpp(129) Entering IECommandExecutor::OnDestroy
D 2021-06-02 19:55:52:653 C:\Projects\webdriver\cpp\iedriver\IECommandExecutor.cpp(131) Clearing managed element cache
D 2021-06-02 19:55:52:670 C:\Projects\webdriver\cpp\iedriver\IECommandExecutor.cpp(134) Closing command handler repository
D 2021-06-02 19:55:52:671 C:\Projects\webdriver\cpp\iedriver\IECommandExecutor.cpp(136) Closing element finder
D 2021-06-02 19:55:52:671 C:\Projects\webdriver\cpp\iedriver\IECommandExecutor.cpp(138) Closing input manager
D 2021-06-02 19:55:52:671 C:\Projects\webdriver\cpp\iedriver\IECommandExecutor.cpp(140) Closing proxy manager
D 2021-06-02 19:55:52:671 C:\Projects\webdriver\cpp\iedriver\IECommandExecutor.cpp(142) Closing browser factory
D 2021-06-02 19:55:52:671 C:\Projects\webdriver\cpp\iedriver\IECommandExecutor.cpp(144) Posting quit message
D 2021-06-02 19:55:52:671 C:\Projects\webdriver\cpp\iedriver\IECommandExecutor.cpp(146) Leaving IECommandExecutor::OnDestroy
D 2021-06-02 19:55:52:673 C:\Projects\webdriver\cpp\iedriver\IECommandExecutor.cpp(795) Returned from DestroyWindow()
D 2021-06-02 19:55:52:673 C:\Projects\webdriver\cpp\iedriver\IECommandExecutor.cpp(808) Exited IECommandExecutor thread message loop
